12-08-2019 20:33:49  INFO [pages.RegistrationPage] : Login page was opened
12-08-2019 20:33:49  INFO [libs.ActionsWithOurElements] : qwe@gmail.com was inputted into Input
12-08-2019 20:33:49  INFO [libs.ActionsWithOurElements] : 123 was inputted into Input
12-08-2019 20:33:49  INFO [libs.ActionsWithOurElements] : 123qwe was inputted into Input
12-08-2019 20:33:49  INFO [libs.ActionsWithOurElements] : 12345 was inputted into Input
12-08-2019 20:33:49  INFO [libs.ActionsWithOurElements] : 12345 was inputted into Input
12-08-2019 20:33:49  INFO [libs.ActionsWithOurElements] : +380 was inputted into Input
12-08-2019 20:33:49  INFO [libs.ActionsWithOurElements] : My_organization was inputted into Input
12-08-2019 20:33:49  INFO [libs.ActionsWithOurElements] : Element was clicked
12-08-2019 20:37:42  INFO [pages.RegistrationPage] : Login page was opened
12-08-2019 20:37:42  INFO [libs.ActionsWithOurElements] : qwe@gmail.com was inputted into Input
12-08-2019 20:37:43  INFO [libs.ActionsWithOurElements] : 123 was inputted into Input
12-08-2019 20:37:43  INFO [libs.ActionsWithOurElements] : 123qwe was inputted into Input
12-08-2019 20:37:43  INFO [libs.ActionsWithOurElements] : 12345 was inputted into Input
12-08-2019 20:37:43  INFO [libs.ActionsWithOurElements] : 12345 was inputted into Input
12-08-2019 20:37:43  INFO [libs.ActionsWithOurElements] : +380 was inputted into Input
12-08-2019 20:37:43  INFO [libs.ActionsWithOurElements] : My_organization was inputted into Input
12-08-2019 20:37:43  INFO [libs.ActionsWithOurElements] : Element was clicked
12-08-2019 20:38:51  INFO [pages.RegistrationPage] : Login page was opened
12-08-2019 20:38:51  INFO [libs.ActionsWithOurElements] : qwe@gmail.com was inputted into Input
12-08-2019 20:38:51  INFO [libs.ActionsWithOurElements] : 123 was inputted into Input
12-08-2019 20:38:51  INFO [libs.ActionsWithOurElements] : 123qwe was inputted into Input
12-08-2019 20:38:51  INFO [libs.ActionsWithOurElements] : 12345 was inputted into Input
12-08-2019 20:38:51  INFO [libs.ActionsWithOurElements] : 12345 was inputted into Input
12-08-2019 20:38:51  INFO [libs.ActionsWithOurElements] : +380 was inputted into Input
12-08-2019 20:38:51  INFO [libs.ActionsWithOurElements] : My_organization was inputted into Input
12-08-2019 20:38:51  INFO [libs.ActionsWithOurElements] : Element was clicked
12-08-2019 20:41:17  INFO [pages.RegistrationPage] : Login page was opened
12-08-2019 20:41:17  INFO [libs.ActionsWithOurElements] : qwe@gmail.com was inputted into Input
12-08-2019 20:41:17  INFO [libs.ActionsWithOurElements] : 123 was inputted into Input
12-08-2019 20:41:17  INFO [libs.ActionsWithOurElements] : 123qwe was inputted into Input
12-08-2019 20:41:17  INFO [libs.ActionsWithOurElements] : 12345 was inputted into Input
12-08-2019 20:41:17  INFO [libs.ActionsWithOurElements] : 12345 was inputted into Input
12-08-2019 20:41:17  INFO [libs.ActionsWithOurElements] : +380 was inputted into Input
12-08-2019 20:41:17  INFO [libs.ActionsWithOurElements] : My_organization was inputted into Input
12-08-2019 20:41:17  INFO [libs.ActionsWithOurElements] : Element was clicked
12-08-2019 20:41:46  INFO [pages.RegistrationPage] : Login page was opened
12-08-2019 20:41:46  INFO [libs.ActionsWithOurElements] : qwe@gmail.com was inputted into Input
12-08-2019 20:41:46  INFO [libs.ActionsWithOurElements] : 123 was inputted into Input
12-08-2019 20:41:46  INFO [libs.ActionsWithOurElements] : 123qwe was inputted into Input
12-08-2019 20:41:46  INFO [libs.ActionsWithOurElements] : 12345 was inputted into Input
12-08-2019 20:41:46  INFO [libs.ActionsWithOurElements] : 12345 was inputted into Input
12-08-2019 20:41:46  INFO [libs.ActionsWithOurElements] : +380 was inputted into Input
12-08-2019 20:41:46  INFO [libs.ActionsWithOurElements] : My_organization was inputted into Input
12-08-2019 20:41:46  INFO [libs.ActionsWithOurElements] : Element was clicked
12-08-2019 20:43:03  INFO [pages.RegistrationPage] : Login page was opened
12-08-2019 20:43:03  INFO [libs.ActionsWithOurElements] : qwe@gmail.com was inputted into Input
12-08-2019 20:43:03  INFO [libs.ActionsWithOurElements] : 123 was inputted into Input
12-08-2019 20:43:03  INFO [libs.ActionsWithOurElements] : 123qwe was inputted into Input
12-08-2019 20:43:03  INFO [libs.ActionsWithOurElements] : 12345 was inputted into Input
12-08-2019 20:43:03  INFO [libs.ActionsWithOurElements] : 12345 was inputted into Input
12-08-2019 20:43:03  INFO [libs.ActionsWithOurElements] : +380 was inputted into Input
12-08-2019 20:43:03  INFO [libs.ActionsWithOurElements] : My_organization was inputted into Input
12-08-2019 20:43:03  INFO [libs.ActionsWithOurElements] : Element was clicked
12-08-2019 20:47:46  INFO [pages.RegistrationPage] : Login page was opened
12-08-2019 20:47:46  INFO [libs.ActionsWithOurElements] : qwe@gmail.com was inputted into Input
12-08-2019 20:47:46  INFO [libs.ActionsWithOurElements] : 123 was inputted into Input
12-08-2019 20:47:46  INFO [libs.ActionsWithOurElements] : 123qwe was inputted into Input
12-08-2019 20:47:46  INFO [libs.ActionsWithOurElements] : 12345 was inputted into Input
12-08-2019 20:47:46  INFO [libs.ActionsWithOurElements] : 12345 was inputted into Input
12-08-2019 20:47:46  INFO [libs.ActionsWithOurElements] : +380 was inputted into Input
12-08-2019 20:47:46  INFO [libs.ActionsWithOurElements] : My_organization was inputted into Input
12-08-2019 20:47:46  INFO [libs.ActionsWithOurElements] : Element was clicked
12-08-2019 20:59:00  INFO [pages.RegistrationPage] : Login page was opened
12-08-2019 20:59:00  INFO [libs.ActionsWithOurElements] : qwe@gmail.com was inputted into Input
12-08-2019 20:59:00  INFO [libs.ActionsWithOurElements] : 123 was inputted into Input
12-08-2019 20:59:00  INFO [libs.ActionsWithOurElements] : 123qwe was inputted into Input
12-08-2019 20:59:00  INFO [libs.ActionsWithOurElements] : 12345 was inputted into Input
12-08-2019 20:59:00  INFO [libs.ActionsWithOurElements] : 12345 was inputted into Input
12-08-2019 20:59:00  INFO [libs.ActionsWithOurElements] : +380 was inputted into Input
12-08-2019 20:59:00  INFO [libs.ActionsWithOurElements] : My_organization was inputted into Input
12-08-2019 20:59:00  INFO [libs.ActionsWithOurElements] : Element was clicked
12-08-2019 21:09:39  INFO [pages.RegistrationPage] : Login page was opened
12-08-2019 21:09:39  INFO [libs.ActionsWithOurElements] : qwe@gmail.com was inputted into Input
12-08-2019 21:09:39  INFO [libs.ActionsWithOurElements] : 123 was inputted into Input
12-08-2019 21:09:39  INFO [libs.ActionsWithOurElements] : 123qwe was inputted into Input
12-08-2019 21:09:39  INFO [libs.ActionsWithOurElements] : 12345 was inputted into Input
12-08-2019 21:09:39  INFO [libs.ActionsWithOurElements] : 12345 was inputted into Input
12-08-2019 21:09:39  INFO [libs.ActionsWithOurElements] : +380 was inputted into Input
12-08-2019 21:09:39  INFO [libs.ActionsWithOurElements] : My_organization was inputted into Input
12-08-2019 21:09:39  INFO [libs.ActionsWithOurElements] : Element was clicked
12-08-2019 21:13:56  INFO [pages.RegistrationPage] : Login page was opened
12-08-2019 21:13:57  INFO [libs.ActionsWithOurElements] : qwe@gmail.com was inputted into Input
12-08-2019 21:13:57  INFO [libs.ActionsWithOurElements] : 123 was inputted into Input
12-08-2019 21:13:57  INFO [libs.ActionsWithOurElements] : 123qwe was inputted into Input
12-08-2019 21:13:57  INFO [libs.ActionsWithOurElements] : 12345 was inputted into Input
12-08-2019 21:13:57  INFO [libs.ActionsWithOurElements] : 12345 was inputted into Input
12-08-2019 21:13:57  INFO [libs.ActionsWithOurElements] : +380 was inputted into Input
12-08-2019 21:13:57  INFO [libs.ActionsWithOurElements] : My_organization was inputted into Input
12-08-2019 21:13:57  INFO [libs.ActionsWithOurElements] : Element was clicked
12-08-2019 21:14:40  INFO [pages.RegistrationPage] : Login page was opened
12-08-2019 21:14:40  INFO [libs.ActionsWithOurElements] : qwe@gmail.com was inputted into Input
12-08-2019 21:14:40  INFO [libs.ActionsWithOurElements] : 123 was inputted into Input
12-08-2019 21:14:40  INFO [libs.ActionsWithOurElements] : 123qwe was inputted into Input
12-08-2019 21:14:40  INFO [libs.ActionsWithOurElements] : 12345 was inputted into Input
12-08-2019 21:14:40  INFO [libs.ActionsWithOurElements] : 12345 was inputted into Input
12-08-2019 21:14:40  INFO [libs.ActionsWithOurElements] : +380 was inputted into Input
12-08-2019 21:14:40  INFO [libs.ActionsWithOurElements] : My_organization was inputted into Input
12-08-2019 21:14:40  INFO [libs.ActionsWithOurElements] : Element was clicked
12-09-2019 11:21:24  INFO [pages.RegistrationPage] : Login page was opened
12-09-2019 11:21:24  INFO [libs.ActionsWithOurElements] : 1 was inputted into Input
12-09-2019 11:21:24  INFO [libs.ActionsWithOurElements] : 2 was inputted into Input
12-09-2019 11:21:24  INFO [libs.ActionsWithOurElements] : 3 was inputted into Input
12-09-2019 11:21:25  INFO [libs.ActionsWithOurElements] : 4 was inputted into Input
12-09-2019 11:21:25  INFO [libs.ActionsWithOurElements] : 5 was inputted into Input
12-09-2019 11:21:25  INFO [libs.ActionsWithOurElements] : 6 was inputted into Input
12-09-2019 11:21:25  INFO [libs.ActionsWithOurElements] : 7 was inputted into Input
12-09-2019 11:21:25  INFO [libs.ActionsWithOurElements] : Element was clicked
12-09-2019 11:21:45  INFO [pages.RegistrationPage] : Login page was opened
12-09-2019 11:21:45  INFO [libs.ActionsWithOurElements] : 1 was inputted into Input
12-09-2019 11:21:45  INFO [libs.ActionsWithOurElements] : 2 was inputted into Input
12-09-2019 11:21:45  INFO [libs.ActionsWithOurElements] : 3 was inputted into Input
12-09-2019 11:21:46  INFO [libs.ActionsWithOurElements] : 4 was inputted into Input
12-09-2019 11:21:46  INFO [libs.ActionsWithOurElements] : 5 was inputted into Input
12-09-2019 11:21:46  INFO [libs.ActionsWithOurElements] : 6 was inputted into Input
12-09-2019 11:21:46  INFO [libs.ActionsWithOurElements] : 7 was inputted into Input
12-09-2019 11:21:46  INFO [libs.ActionsWithOurElements] : Element was clicked
12-09-2019 11:22:06  INFO [pages.RegistrationPage] : Login page was opened
12-09-2019 11:22:06  INFO [libs.ActionsWithOurElements] : 1 was inputted into Input
12-09-2019 11:22:06  INFO [libs.ActionsWithOurElements] : 2 was inputted into Input
12-09-2019 11:22:06  INFO [libs.ActionsWithOurElements] : 3 was inputted into Input
12-09-2019 11:22:06  INFO [libs.ActionsWithOurElements] : 4 was inputted into Input
12-09-2019 11:22:06  INFO [libs.ActionsWithOurElements] : 5 was inputted into Input
12-09-2019 11:22:07  INFO [libs.ActionsWithOurElements] : 6 was inputted into Input
12-09-2019 11:22:07  INFO [libs.ActionsWithOurElements] : 7 was inputted into Input
12-09-2019 11:22:07  INFO [libs.ActionsWithOurElements] : Element was clicked
12-09-2019 11:37:13  INFO [pages.RegistrationPage] : Login page was opened
12-09-2019 11:37:13  INFO [libs.ActionsWithOurElements] : qwe@gmail.com was inputted into Input
12-09-2019 11:37:13  INFO [libs.ActionsWithOurElements] : 123 was inputted into Input
12-09-2019 11:37:14  INFO [libs.ActionsWithOurElements] : 123qwe was inputted into Input
12-09-2019 11:37:14  INFO [libs.ActionsWithOurElements] : 12345 was inputted into Input
12-09-2019 11:37:14  INFO [libs.ActionsWithOurElements] : 12345 was inputted into Input
12-09-2019 11:37:14  INFO [libs.ActionsWithOurElements] : +380 was inputted into Input
12-09-2019 11:37:14  INFO [libs.ActionsWithOurElements] : My_organization was inputted into Input
12-09-2019 11:37:14  INFO [libs.ActionsWithOurElements] : Element was clicked
12-09-2019 11:56:34  INFO [pages.RegistrationPage] : Login page was opened
12-09-2019 11:56:34  INFO [libs.ActionsWithOurElements] : qwe@gmail.com was inputted into Input
12-09-2019 11:56:34  INFO [libs.ActionsWithOurElements] : 123 was inputted into Input
12-09-2019 11:56:34  INFO [libs.ActionsWithOurElements] : 123qwe was inputted into Input
12-09-2019 11:56:34  INFO [libs.ActionsWithOurElements] : 12345 was inputted into Input
12-09-2019 11:56:34  INFO [libs.ActionsWithOurElements] : 12345 was inputted into Input
12-09-2019 11:56:34  INFO [libs.ActionsWithOurElements] : +380 was inputted into Input
12-09-2019 11:56:34  INFO [libs.ActionsWithOurElements] : My_organization was inputted into Input
12-09-2019 11:56:34  INFO [libs.ActionsWithOurElements] : Element was clicked
12-09-2019 11:57:42  INFO [pages.RegistrationPage] : Login page was opened
12-09-2019 11:57:42  INFO [libs.ActionsWithOurElements] : qwe@gmail.com was inputted into Input
12-09-2019 11:57:42  INFO [libs.ActionsWithOurElements] : 123 was inputted into Input
12-09-2019 11:57:42  INFO [libs.ActionsWithOurElements] : 123qwe was inputted into Input
12-09-2019 11:57:42  INFO [libs.ActionsWithOurElements] : 12345 was inputted into Input
12-09-2019 11:57:42  INFO [libs.ActionsWithOurElements] : 12345 was inputted into Input
12-09-2019 11:57:42  INFO [libs.ActionsWithOurElements] : +380 was inputted into Input
12-09-2019 11:57:42  INFO [libs.ActionsWithOurElements] : My_organization was inputted into Input
12-09-2019 11:57:42  INFO [libs.ActionsWithOurElements] : Element was clicked
12-09-2019 12:00:11  INFO [pages.RegistrationPage] : Login page was opened
12-09-2019 12:00:11  INFO [libs.ActionsWithOurElements] : qwe@gmail.com was inputted into Input
12-09-2019 12:00:11  INFO [libs.ActionsWithOurElements] : 123 was inputted into Input
12-09-2019 12:00:11  INFO [libs.ActionsWithOurElements] : 123qwe was inputted into Input
12-09-2019 12:00:11  INFO [libs.ActionsWithOurElements] : 12345 was inputted into Input
12-09-2019 12:00:11  INFO [libs.ActionsWithOurElements] : 12345 was inputted into Input
12-09-2019 12:00:11  INFO [libs.ActionsWithOurElements] : +380 was inputted into Input
12-09-2019 12:00:11  INFO [libs.ActionsWithOurElements] : My_organization was inputted into Input
12-09-2019 12:00:11  INFO [libs.ActionsWithOurElements] : Element was clicked
12-09-2019 12:13:04  INFO [pages.RegistrationPage] : Login page was opened
12-09-2019 12:13:04  INFO [libs.ActionsWithOurElements] : qwe@gmail.com was inputted into Input
12-09-2019 12:13:04  INFO [libs.ActionsWithOurElements] : 123 was inputted into Input
12-09-2019 12:13:04  INFO [libs.ActionsWithOurElements] : 123qwe was inputted into Input
12-09-2019 12:13:04  INFO [libs.ActionsWithOurElements] : 12345 was inputted into Input
12-09-2019 12:13:04  INFO [libs.ActionsWithOurElements] : 12345 was inputted into Input
12-09-2019 12:13:04  INFO [libs.ActionsWithOurElements] : +380639992211 was inputted into Input
12-09-2019 12:13:04  INFO [libs.ActionsWithOurElements] : My_organization was inputted into Input
12-09-2019 12:13:04  INFO [libs.ActionsWithOurElements] : Element was clicked
12-09-2019 12:13:14 ERROR [libs.ActionsWithOurElements] : Cannot work with elementorg.openqa.selenium.ElementNotVisibleException: element not interactable
  (Session info: chrome=78.0.3904.108)
  (Driver info: chromedriver=2.43.600210 (68dcf5eebde37173d4027fa8635e332711d2874a),platform=Windows NT 10.0.18363 x86_64) (WARNING: The server did not provide any stacktrace information)
Command duration or timeout: 0 milliseconds
Build info: version: '3.141.59', revision: 'e82be7d358', time: '2018-11-14T08:17:03'
System info: host: 'PC17050', ip: '192.168.20.211', os.name: 'Windows 10', os.arch: 'amd64', os.version: '10.0', java.version: '11.0.1'
Driver info: org.openqa.selenium.chrome.ChromeDriver
Capabilities {acceptInsecureCerts: false, acceptSslCerts: false, applicationCacheEnabled: false, browserConnectionEnabled: false, browserName: chrome, chrome: {chromedriverVersion: 2.43.600210 (68dcf5eebde371..., userDataDir: C:\Users\VADIM~1.KOR\AppDat...}, cssSelectorsEnabled: true, databaseEnabled: false, goog:chromeOptions: {debuggerAddress: localhost:54460}, handlesAlerts: true, hasTouchScreen: false, javascriptEnabled: true, locationContextEnabled: true, mobileEmulationEnabled: false, nativeEvents: true, networkConnectionEnabled: false, pageLoadStrategy: normal, platform: XP, platformName: XP, rotatable: false, setWindowRect: true, takesHeapSnapshot: true, takesScreenshot: true, unexpectedAlertBehaviour: , unhandledPromptBehavior: , version: 78.0.3904.108, webStorageEnabled: true}
Session ID: 221b8d32edff10d988d224f52280ecce
12-09-2019 12:14:10  INFO [pages.RegistrationPage] : Login page was opened
12-09-2019 12:14:10  INFO [libs.ActionsWithOurElements] : qwe@gmail.com was inputted into Input
12-09-2019 12:14:10  INFO [libs.ActionsWithOurElements] : 123 was inputted into Input
12-09-2019 12:14:10  INFO [libs.ActionsWithOurElements] : 123qwe was inputted into Input
12-09-2019 12:14:10  INFO [libs.ActionsWithOurElements] : 12345 was inputted into Input
12-09-2019 12:14:11  INFO [libs.ActionsWithOurElements] : 12345 was inputted into Input
12-09-2019 12:14:11  INFO [libs.ActionsWithOurElements] : +380639992211 was inputted into Input
12-09-2019 12:14:11  INFO [libs.ActionsWithOurElements] : My_organization was inputted into Input
12-09-2019 12:14:11  INFO [libs.ActionsWithOurElements] : Element was clicked
12-09-2019 12:14:21 ERROR [libs.ActionsWithOurElements] : Cannot work with elementorg.openqa.selenium.ElementNotVisibleException: element not interactable
  (Session info: chrome=78.0.3904.108)
  (Driver info: chromedriver=2.43.600210 (68dcf5eebde37173d4027fa8635e332711d2874a),platform=Windows NT 10.0.18363 x86_64) (WARNING: The server did not provide any stacktrace information)
Command duration or timeout: 0 milliseconds
Build info: version: '3.141.59', revision: 'e82be7d358', time: '2018-11-14T08:17:03'
System info: host: 'PC17050', ip: '192.168.20.211', os.name: 'Windows 10', os.arch: 'amd64', os.version: '10.0', java.version: '11.0.1'
Driver info: org.openqa.selenium.chrome.ChromeDriver
Capabilities {acceptInsecureCerts: false, acceptSslCerts: false, applicationCacheEnabled: false, browserConnectionEnabled: false, browserName: chrome, chrome: {chromedriverVersion: 2.43.600210 (68dcf5eebde371..., userDataDir: C:\Users\VADIM~1.KOR\AppDat...}, cssSelectorsEnabled: true, databaseEnabled: false, goog:chromeOptions: {debuggerAddress: localhost:54528}, handlesAlerts: true, hasTouchScreen: false, javascriptEnabled: true, locationContextEnabled: true, mobileEmulationEnabled: false, nativeEvents: true, networkConnectionEnabled: false, pageLoadStrategy: normal, platform: XP, platformName: XP, rotatable: false, setWindowRect: true, takesHeapSnapshot: true, takesScreenshot: true, unexpectedAlertBehaviour: , unhandledPromptBehavior: , version: 78.0.3904.108, webStorageEnabled: true}
Session ID: 5184f0193e78d1f03d38048ad956ab02
12-09-2019 12:40:28  INFO [pages.RegistrationPage] : Login page was opened
12-09-2019 12:40:28  INFO [libs.ActionsWithOurElements] : 1 was inputted into Input
12-09-2019 12:40:28  INFO [libs.ActionsWithOurElements] : 2 was inputted into Input
12-09-2019 12:40:28  INFO [libs.ActionsWithOurElements] : 3 was inputted into Input
12-09-2019 12:40:28  INFO [libs.ActionsWithOurElements] : 4 was inputted into Input
12-09-2019 12:40:28  INFO [libs.ActionsWithOurElements] : 5 was inputted into Input
12-09-2019 12:40:28  INFO [libs.ActionsWithOurElements] : 6 was inputted into Input
12-09-2019 12:40:28  INFO [libs.ActionsWithOurElements] : 7 was inputted into Input
12-09-2019 12:40:28  INFO [libs.ActionsWithOurElements] : Element was clicked
12-09-2019 12:40:39  INFO [pages.RegistrationPage] : Login page was opened
12-09-2019 12:40:39  INFO [libs.ActionsWithOurElements] : 1 was inputted into Input
12-09-2019 12:40:39  INFO [libs.ActionsWithOurElements] : 2 was inputted into Input
12-09-2019 12:40:39  INFO [libs.ActionsWithOurElements] : 3 was inputted into Input
12-09-2019 12:40:39  INFO [libs.ActionsWithOurElements] : 4 was inputted into Input
12-09-2019 12:40:39  INFO [libs.ActionsWithOurElements] : 5 was inputted into Input
12-09-2019 12:40:39  INFO [libs.ActionsWithOurElements] : 6 was inputted into Input
12-09-2019 12:40:39  INFO [libs.ActionsWithOurElements] : 7 was inputted into Input
12-09-2019 12:40:39  INFO [libs.ActionsWithOurElements] : Element was clicked
12-09-2019 12:40:50  INFO [pages.RegistrationPage] : Login page was opened
12-09-2019 12:40:50  INFO [libs.ActionsWithOurElements] : 1 was inputted into Input
12-09-2019 12:40:50  INFO [libs.ActionsWithOurElements] : 2 was inputted into Input
12-09-2019 12:40:50  INFO [libs.ActionsWithOurElements] : 3 was inputted into Input
12-09-2019 12:40:50  INFO [libs.ActionsWithOurElements] : 4 was inputted into Input
12-09-2019 12:40:50  INFO [libs.ActionsWithOurElements] : 5 was inputted into Input
12-09-2019 12:40:50  INFO [libs.ActionsWithOurElements] : 6 was inputted into Input
12-09-2019 12:40:50  INFO [libs.ActionsWithOurElements] : 7 was inputted into Input
12-09-2019 12:40:50  INFO [libs.ActionsWithOurElements] : Element was clicked
12-09-2019 12:48:01  INFO [pages.RegistrationPage] : Login page was opened
12-09-2019 12:48:01  INFO [libs.ActionsWithOurElements] : 1 was inputted into Input
12-09-2019 12:48:01  INFO [libs.ActionsWithOurElements] : 2 was inputted into Input
12-09-2019 12:48:01  INFO [libs.ActionsWithOurElements] : 3 was inputted into Input
12-09-2019 12:48:01  INFO [libs.ActionsWithOurElements] : 4 was inputted into Input
12-09-2019 12:48:01  INFO [libs.ActionsWithOurElements] : 5 was inputted into Input
12-09-2019 12:48:01  INFO [libs.ActionsWithOurElements] : 6 was inputted into Input
12-09-2019 12:48:01  INFO [libs.ActionsWithOurElements] : 7 was inputted into Input
12-09-2019 12:48:01  INFO [libs.ActionsWithOurElements] : Element was clicked
12-09-2019 12:48:11  INFO [pages.RegistrationPage] : Login page was opened
12-09-2019 12:48:12  INFO [libs.ActionsWithOurElements] : 7 was inputted into Input
12-09-2019 12:48:12  INFO [libs.ActionsWithOurElements] : 6 was inputted into Input
12-09-2019 12:48:12  INFO [libs.ActionsWithOurElements] : 5 was inputted into Input
12-09-2019 12:48:12  INFO [libs.ActionsWithOurElements] : 4 was inputted into Input
12-09-2019 12:48:12  INFO [libs.ActionsWithOurElements] : 3 was inputted into Input
12-09-2019 12:48:12  INFO [libs.ActionsWithOurElements] : 2 was inputted into Input
12-09-2019 12:48:12  INFO [libs.ActionsWithOurElements] : 1 was inputted into Input
12-09-2019 12:48:12  INFO [libs.ActionsWithOurElements] : Element was clicked
12-09-2019 12:48:23  INFO [pages.RegistrationPage] : Login page was opened
12-09-2019 12:48:23  INFO [libs.ActionsWithOurElements] : a was inputted into Input
12-09-2019 12:48:23  INFO [libs.ActionsWithOurElements] : b was inputted into Input
12-09-2019 12:48:23  INFO [libs.ActionsWithOurElements] : c was inputted into Input
12-09-2019 12:48:23  INFO [libs.ActionsWithOurElements] : d was inputted into Input
12-09-2019 12:48:23  INFO [libs.ActionsWithOurElements] : e was inputted into Input
12-09-2019 12:48:23  INFO [libs.ActionsWithOurElements] : f was inputted into Input
12-09-2019 12:48:23  INFO [libs.ActionsWithOurElements] : g was inputted into Input
12-09-2019 12:48:23  INFO [libs.ActionsWithOurElements] : Element was clicked
12-09-2019 12:53:25  INFO [pages.RegistrationPage] : Login page was opened
12-09-2019 12:53:25  INFO [libs.ActionsWithOurElements] : 1 was inputted into Input
12-09-2019 12:53:25  INFO [libs.ActionsWithOurElements] : 2 was inputted into Input
12-09-2019 12:53:25  INFO [libs.ActionsWithOurElements] : 3 was inputted into Input
12-09-2019 12:53:25  INFO [libs.ActionsWithOurElements] : 4 was inputted into Input
12-09-2019 12:53:25  INFO [libs.ActionsWithOurElements] : 5 was inputted into Input
12-09-2019 12:53:25  INFO [libs.ActionsWithOurElements] : 6 was inputted into Input
12-09-2019 12:53:25  INFO [libs.ActionsWithOurElements] : 7 was inputted into Input
12-09-2019 12:53:25  INFO [libs.ActionsWithOurElements] : Element was clicked
12-09-2019 12:53:46  INFO [pages.RegistrationPage] : Login page was opened
12-09-2019 12:53:46  INFO [libs.ActionsWithOurElements] : 7 was inputted into Input
12-09-2019 12:53:46  INFO [libs.ActionsWithOurElements] : 6 was inputted into Input
12-09-2019 12:53:46  INFO [libs.ActionsWithOurElements] : 5 was inputted into Input
12-09-2019 12:53:46  INFO [libs.ActionsWithOurElements] : 4 was inputted into Input
12-09-2019 12:53:46  INFO [libs.ActionsWithOurElements] : 3 was inputted into Input
12-09-2019 12:53:46  INFO [libs.ActionsWithOurElements] : 2 was inputted into Input
12-09-2019 12:53:46  INFO [libs.ActionsWithOurElements] : 1 was inputted into Input
12-09-2019 12:53:46  INFO [libs.ActionsWithOurElements] : Element was clicked
12-09-2019 12:54:07  INFO [pages.RegistrationPage] : Login page was opened
12-09-2019 12:54:07  INFO [libs.ActionsWithOurElements] : a was inputted into Input
12-09-2019 12:54:07  INFO [libs.ActionsWithOurElements] : b was inputted into Input
12-09-2019 12:54:07  INFO [libs.ActionsWithOurElements] : c was inputted into Input
12-09-2019 12:54:07  INFO [libs.ActionsWithOurElements] : d was inputted into Input
12-09-2019 12:54:07  INFO [libs.ActionsWithOurElements] : e was inputted into Input
12-09-2019 12:54:07  INFO [libs.ActionsWithOurElements] : f was inputted into Input
12-09-2019 12:54:07  INFO [libs.ActionsWithOurElements] : g was inputted into Input
12-09-2019 12:54:07  INFO [libs.ActionsWithOurElements] : Element was clicked
12-09-2019 12:54:56  INFO [pages.RegistrationPage] : Login page was opened
12-09-2019 12:54:56  INFO [libs.ActionsWithOurElements] : qwe@gmail.com was inputted into Input
12-09-2019 12:54:57  INFO [libs.ActionsWithOurElements] : 123 was inputted into Input
12-09-2019 12:54:57  INFO [libs.ActionsWithOurElements] : 123qwe was inputted into Input
12-09-2019 12:54:57  INFO [libs.ActionsWithOurElements] : 12345 was inputted into Input
12-09-2019 12:54:57  INFO [libs.ActionsWithOurElements] : 12345 was inputted into Input
12-09-2019 12:54:57  INFO [libs.ActionsWithOurElements] : +380 was inputted into Input
12-09-2019 12:54:57  INFO [libs.ActionsWithOurElements] : My_organization was inputted into Input
12-09-2019 12:54:57  INFO [libs.ActionsWithOurElements] : Element was clicked
12-09-2019 12:56:54  INFO [pages.RegistrationPage] : Login page was opened
12-09-2019 12:56:54  INFO [libs.ActionsWithOurElements] : qwe@gmail.com was inputted into Input
12-09-2019 12:56:54  INFO [libs.ActionsWithOurElements] : 123 was inputted into Input
12-09-2019 12:56:54  INFO [libs.ActionsWithOurElements] : 123qwe was inputted into Input
12-09-2019 12:56:54  INFO [libs.ActionsWithOurElements] : 12345 was inputted into Input
12-09-2019 12:56:54  INFO [libs.ActionsWithOurElements] : 12345 was inputted into Input
12-09-2019 12:56:54  INFO [libs.ActionsWithOurElements] : +380 was inputted into Input
12-09-2019 12:56:54  INFO [libs.ActionsWithOurElements] : My_organization was inputted into Input
12-09-2019 12:56:54  INFO [libs.ActionsWithOurElements] : Element was clicked
12-09-2019 13:00:12  INFO [pages.RegistrationPage] : Login page was opened
12-09-2019 13:00:12  INFO [libs.ActionsWithOurElements] : qwe@gmail.com was inputted into Input
12-09-2019 13:00:12  INFO [libs.ActionsWithOurElements] : 123 was inputted into Input
12-09-2019 13:00:12  INFO [libs.ActionsWithOurElements] : 123qwe was inputted into Input
12-09-2019 13:00:12  INFO [libs.ActionsWithOurElements] : 12345 was inputted into Input
12-09-2019 13:00:12  INFO [libs.ActionsWithOurElements] : 12345 was inputted into Input
12-09-2019 13:00:12  INFO [libs.ActionsWithOurElements] : +380 was inputted into Input
12-09-2019 13:00:12  INFO [libs.ActionsWithOurElements] : My_organization was inputted into Input
12-09-2019 13:00:12  INFO [libs.ActionsWithOurElements] : Element was clicked
12-09-2019 13:00:59  INFO [pages.RegistrationPage] : Login page was opened
12-09-2019 13:00:59  INFO [libs.ActionsWithOurElements] : qwe@gmail.com was inputted into Input
12-09-2019 13:00:59  INFO [libs.ActionsWithOurElements] : 123 was inputted into Input
12-09-2019 13:00:59  INFO [libs.ActionsWithOurElements] : 123qwe was inputted into Input
12-09-2019 13:00:59  INFO [libs.ActionsWithOurElements] : 12345 was inputted into Input
12-09-2019 13:00:59  INFO [libs.ActionsWithOurElements] : 12345 was inputted into Input
12-09-2019 13:00:59  INFO [libs.ActionsWithOurElements] : +380 was inputted into Input
12-09-2019 13:00:59  INFO [libs.ActionsWithOurElements] : My_organization was inputted into Input
12-09-2019 13:01:00  INFO [libs.ActionsWithOurElements] : Element was clicked
12-09-2019 13:01:49  INFO [pages.RegistrationPage] : Login page was opened
12-09-2019 13:01:50  INFO [libs.ActionsWithOurElements] : qwe@gmail.com was inputted into Input
12-09-2019 13:01:50  INFO [libs.ActionsWithOurElements] : 123 was inputted into Input
12-09-2019 13:01:50  INFO [libs.ActionsWithOurElements] : 123qwe was inputted into Input
12-09-2019 13:01:50  INFO [libs.ActionsWithOurElements] : 12345 was inputted into Input
12-09-2019 13:01:50  INFO [libs.ActionsWithOurElements] : 12345 was inputted into Input
12-09-2019 13:01:50  INFO [libs.ActionsWithOurElements] : +380 was inputted into Input
12-09-2019 13:01:50  INFO [libs.ActionsWithOurElements] : My_organization was inputted into Input
12-09-2019 13:01:50  INFO [libs.ActionsWithOurElements] : Element was clicked
12-09-2019 13:02:15  INFO [pages.RegistrationPage] : Login page was opened
12-09-2019 13:02:15  INFO [libs.ActionsWithOurElements] : qwe@gmail.com was inputted into Input
12-09-2019 13:02:15  INFO [libs.ActionsWithOurElements] : 123 was inputted into Input
12-09-2019 13:02:15  INFO [libs.ActionsWithOurElements] : 123qwe was inputted into Input
12-09-2019 13:02:15  INFO [libs.ActionsWithOurElements] : 12345 was inputted into Input
12-09-2019 13:02:15  INFO [libs.ActionsWithOurElements] : 12345 was inputted into Input
12-09-2019 13:02:15  INFO [libs.ActionsWithOurElements] : +380 was inputted into Input
12-09-2019 13:02:15  INFO [libs.ActionsWithOurElements] : My_organization was inputted into Input
12-09-2019 13:02:15  INFO [libs.ActionsWithOurElements] : Element was clicked
12-09-2019 13:03:04  INFO [pages.RegistrationPage] : Login page was opened
12-09-2019 13:03:04  INFO [libs.ActionsWithOurElements] : qwe@gmail.com was inputted into Input
12-09-2019 13:03:04  INFO [libs.ActionsWithOurElements] : 123 was inputted into Input
12-09-2019 13:03:04  INFO [libs.ActionsWithOurElements] : 123qwe was inputted into Input
12-09-2019 13:03:04  INFO [libs.ActionsWithOurElements] : 12345 was inputted into Input
12-09-2019 13:03:04  INFO [libs.ActionsWithOurElements] : 12345 was inputted into Input
12-09-2019 13:03:04  INFO [libs.ActionsWithOurElements] : +380 was inputted into Input
12-09-2019 13:03:05  INFO [libs.ActionsWithOurElements] : My_organization was inputted into Input
12-09-2019 13:03:05  INFO [libs.ActionsWithOurElements] : Element was clicked
12-09-2019 13:03:37  INFO [pages.RegistrationPage] : Login page was opened
12-09-2019 13:03:37  INFO [libs.ActionsWithOurElements] : qwe@gmail.com was inputted into Input
12-09-2019 13:03:38  INFO [libs.ActionsWithOurElements] : 123 was inputted into Input
12-09-2019 13:03:38  INFO [libs.ActionsWithOurElements] : 123qwe was inputted into Input
12-09-2019 13:03:38  INFO [libs.ActionsWithOurElements] : 12345 was inputted into Input
12-09-2019 13:03:38  INFO [libs.ActionsWithOurElements] : 12345 was inputted into Input
12-09-2019 13:03:38  INFO [libs.ActionsWithOurElements] : +380 was inputted into Input
12-09-2019 13:03:38  INFO [libs.ActionsWithOurElements] : My_organization was inputted into Input
12-09-2019 13:03:38  INFO [libs.ActionsWithOurElements] : Element was clicked
12-09-2019 13:04:39  INFO [pages.RegistrationPage] : Login page was opened
12-09-2019 13:04:39  INFO [libs.ActionsWithOurElements] : qwe@gmail.com was inputted into Input
12-09-2019 13:04:39  INFO [libs.ActionsWithOurElements] : 123 was inputted into Input
12-09-2019 13:04:39  INFO [libs.ActionsWithOurElements] : 123qwe was inputted into Input
12-09-2019 13:04:39  INFO [libs.ActionsWithOurElements] : 12345 was inputted into Input
12-09-2019 13:04:39  INFO [libs.ActionsWithOurElements] : 12345 was inputted into Input
12-09-2019 13:04:39  INFO [libs.ActionsWithOurElements] : +380 was inputted into Input
12-09-2019 13:04:40  INFO [libs.ActionsWithOurElements] : My_organization was inputted into Input
12-09-2019 13:04:40  INFO [libs.ActionsWithOurElements] : Element was clicked
12-09-2019 13:05:24  INFO [pages.RegistrationPage] : Login page was opened
12-09-2019 13:05:24  INFO [libs.ActionsWithOurElements] : qwe@gmail.com was inputted into Input
12-09-2019 13:05:25  INFO [libs.ActionsWithOurElements] : 123 was inputted into Input
12-09-2019 13:05:25  INFO [libs.ActionsWithOurElements] : 123qwe was inputted into Input
12-09-2019 13:05:25  INFO [libs.ActionsWithOurElements] : 12345 was inputted into Input
12-09-2019 13:05:25  INFO [libs.ActionsWithOurElements] : 12345 was inputted into Input
12-09-2019 13:05:25  INFO [libs.ActionsWithOurElements] : +380 was inputted into Input
12-09-2019 13:05:25  INFO [libs.ActionsWithOurElements] : My_organization was inputted into Input
12-09-2019 13:05:25  INFO [libs.ActionsWithOurElements] : Element was clicked
12-09-2019 13:05:54  INFO [pages.RegistrationPage] : Login page was opened
12-09-2019 13:05:55  INFO [libs.ActionsWithOurElements] : qwe@gmail.com was inputted into Input
12-09-2019 13:05:55  INFO [libs.ActionsWithOurElements] : 123 was inputted into Input
12-09-2019 13:05:55  INFO [libs.ActionsWithOurElements] : 123qwe was inputted into Input
12-09-2019 13:05:55  INFO [libs.ActionsWithOurElements] : 12345 was inputted into Input
12-09-2019 13:05:55  INFO [libs.ActionsWithOurElements] : 12345 was inputted into Input
12-09-2019 13:05:55  INFO [libs.ActionsWithOurElements] : +380 was inputted into Input
12-09-2019 13:05:55  INFO [libs.ActionsWithOurElements] : My_organization was inputted into Input
12-09-2019 13:05:55  INFO [libs.ActionsWithOurElements] : Element was clicked
12-09-2019 13:18:05  INFO [pages.RegistrationPage] : Login page was opened
12-09-2019 13:18:05  INFO [libs.ActionsWithOurElements] : qwe@gmail.com was inputted into Input
12-09-2019 13:18:05  INFO [libs.ActionsWithOurElements] : 123 was inputted into Input
12-09-2019 13:18:05  INFO [libs.ActionsWithOurElements] : 123qwe was inputted into Input
12-09-2019 13:18:05  INFO [libs.ActionsWithOurElements] : 12345 was inputted into Input
12-09-2019 13:18:05  INFO [libs.ActionsWithOurElements] : 12345 was inputted into Input
12-09-2019 13:18:05  INFO [libs.ActionsWithOurElements] : +380 was inputted into Input
12-09-2019 13:18:06  INFO [libs.ActionsWithOurElements] : My_organization was inputted into Input
12-09-2019 13:18:06  INFO [libs.ActionsWithOurElements] : Element was clicked
12-09-2019 14:28:34  INFO [pages.RegistrationPage] : Login page was opened
12-09-2019 14:28:34  INFO [libs.ActionsWithOurElements] : qwe@gmail.com was inputted into Input
12-09-2019 14:28:34  INFO [libs.ActionsWithOurElements] : 123 was inputted into Input
12-09-2019 14:28:35  INFO [libs.ActionsWithOurElements] : 123qwe was inputted into Input
12-09-2019 14:28:35  INFO [libs.ActionsWithOurElements] : 12345 was inputted into Input
12-09-2019 14:28:35  INFO [libs.ActionsWithOurElements] : 12345 was inputted into Input
12-09-2019 14:28:35  INFO [libs.ActionsWithOurElements] : +380 was inputted into Input
12-09-2019 14:28:35  INFO [libs.ActionsWithOurElements] : My_organization was inputted into Input
12-09-2019 14:28:35  INFO [libs.ActionsWithOurElements] : Element was clicked
12-09-2019 14:29:16  INFO [pages.RegistrationPage] : Login page was opened
12-09-2019 14:29:16  INFO [libs.ActionsWithOurElements] : qwe@gmail.com was inputted into Input
12-09-2019 14:29:16  INFO [libs.ActionsWithOurElements] : 123 was inputted into Input
12-09-2019 14:29:16  INFO [libs.ActionsWithOurElements] : 123qwe was inputted into Input
12-09-2019 14:29:16  INFO [libs.ActionsWithOurElements] : 12345 was inputted into Input
12-09-2019 14:29:16  INFO [libs.ActionsWithOurElements] : 12345 was inputted into Input
12-09-2019 14:29:16  INFO [libs.ActionsWithOurElements] : +380 was inputted into Input
12-09-2019 14:29:16  INFO [libs.ActionsWithOurElements] : My_organization was inputted into Input
12-09-2019 14:29:16  INFO [libs.ActionsWithOurElements] : Element was clicked
12-09-2019 14:30:39  INFO [pages.RegistrationPage] : Login page was opened
12-09-2019 14:30:39  INFO [libs.ActionsWithOurElements] : 1 was inputted into Input
12-09-2019 14:30:39  INFO [libs.ActionsWithOurElements] : 2 was inputted into Input
12-09-2019 14:30:39  INFO [libs.ActionsWithOurElements] : 3 was inputted into Input
12-09-2019 14:30:39  INFO [libs.ActionsWithOurElements] : 4 was inputted into Input
12-09-2019 14:30:39  INFO [libs.ActionsWithOurElements] : 5 was inputted into Input
12-09-2019 14:30:40  INFO [libs.ActionsWithOurElements] : 6 was inputted into Input
12-09-2019 14:30:40  INFO [libs.ActionsWithOurElements] : 7 was inputted into Input
12-09-2019 14:30:40  INFO [libs.ActionsWithOurElements] : Element was clicked
12-09-2019 14:30:50  INFO [pages.RegistrationPage] : Login page was opened
12-09-2019 14:30:50  INFO [libs.ActionsWithOurElements] : 7 was inputted into Input
12-09-2019 14:30:50  INFO [libs.ActionsWithOurElements] : 6 was inputted into Input
12-09-2019 14:30:50  INFO [libs.ActionsWithOurElements] : 5 was inputted into Input
12-09-2019 14:30:50  INFO [libs.ActionsWithOurElements] : 4 was inputted into Input
12-09-2019 14:30:50  INFO [libs.ActionsWithOurElements] : 3 was inputted into Input
12-09-2019 14:30:50  INFO [libs.ActionsWithOurElements] : 2 was inputted into Input
12-09-2019 14:30:50  INFO [libs.ActionsWithOurElements] : 1 was inputted into Input
12-09-2019 14:30:51  INFO [libs.ActionsWithOurElements] : Element was clicked
12-09-2019 14:31:01  INFO [pages.RegistrationPage] : Login page was opened
12-09-2019 14:31:01  INFO [libs.ActionsWithOurElements] : a was inputted into Input
12-09-2019 14:31:01  INFO [libs.ActionsWithOurElements] : b was inputted into Input
12-09-2019 14:31:01  INFO [libs.ActionsWithOurElements] : c was inputted into Input
12-09-2019 14:31:01  INFO [libs.ActionsWithOurElements] : d was inputted into Input
12-09-2019 14:31:01  INFO [libs.ActionsWithOurElements] : e was inputted into Input
12-09-2019 14:31:01  INFO [libs.ActionsWithOurElements] : f was inputted into Input
12-09-2019 14:31:01  INFO [libs.ActionsWithOurElements] : g was inputted into Input
12-09-2019 14:31:01  INFO [libs.ActionsWithOurElements] : Element was clicked
12-09-2019 14:32:36  INFO [pages.RegistrationPage] : Login page was opened
12-09-2019 14:32:36  INFO [libs.ActionsWithOurElements] : 1 was inputted into Input
12-09-2019 14:32:36  INFO [libs.ActionsWithOurElements] : 2 was inputted into Input
12-09-2019 14:32:36  INFO [libs.ActionsWithOurElements] : 3 was inputted into Input
12-09-2019 14:32:36  INFO [libs.ActionsWithOurElements] : 4 was inputted into Input
12-09-2019 14:32:36  INFO [libs.ActionsWithOurElements] : 5 was inputted into Input
12-09-2019 14:32:36  INFO [libs.ActionsWithOurElements] : 6 was inputted into Input
12-09-2019 14:32:36  INFO [libs.ActionsWithOurElements] : 7 was inputted into Input
12-09-2019 14:32:37  INFO [libs.ActionsWithOurElements] : Element was clicked
12-09-2019 14:32:47  INFO [pages.RegistrationPage] : Login page was opened
12-09-2019 14:32:47  INFO [libs.ActionsWithOurElements] : 7 was inputted into Input
12-09-2019 14:32:47  INFO [libs.ActionsWithOurElements] : 6 was inputted into Input
12-09-2019 14:32:47  INFO [libs.ActionsWithOurElements] : 5 was inputted into Input
12-09-2019 14:32:47  INFO [libs.ActionsWithOurElements] : 4 was inputted into Input
12-09-2019 14:32:47  INFO [libs.ActionsWithOurElements] : 3 was inputted into Input
12-09-2019 14:32:47  INFO [libs.ActionsWithOurElements] : 2 was inputted into Input
12-09-2019 14:32:47  INFO [libs.ActionsWithOurElements] : 1 was inputted into Input
12-09-2019 14:32:47  INFO [libs.ActionsWithOurElements] : Element was clicked
12-09-2019 14:32:58  INFO [pages.RegistrationPage] : Login page was opened
12-09-2019 14:32:58  INFO [libs.ActionsWithOurElements] : a was inputted into Input
12-09-2019 14:32:58  INFO [libs.ActionsWithOurElements] : b was inputted into Input
12-09-2019 14:32:58  INFO [libs.ActionsWithOurElements] : c was inputted into Input
12-09-2019 14:32:58  INFO [libs.ActionsWithOurElements] : d was inputted into Input
12-09-2019 14:32:58  INFO [libs.ActionsWithOurElements] : e was inputted into Input
12-09-2019 14:32:58  INFO [libs.ActionsWithOurElements] : f was inputted into Input
12-09-2019 14:32:58  INFO [libs.ActionsWithOurElements] : g was inputted into Input
12-09-2019 14:32:58  INFO [libs.ActionsWithOurElements] : Element was clicked
12-09-2019 14:37:48  INFO [pages.RegistrationPage] : Login page was opened
12-09-2019 14:37:48  INFO [libs.ActionsWithOurElements] : 1 was inputted into Input
12-09-2019 14:37:48  INFO [libs.ActionsWithOurElements] : 2 was inputted into Input
12-09-2019 14:37:48  INFO [libs.ActionsWithOurElements] : 3 was inputted into Input
12-09-2019 14:37:48  INFO [libs.ActionsWithOurElements] : 4 was inputted into Input
12-09-2019 14:37:48  INFO [libs.ActionsWithOurElements] : 5 was inputted into Input
12-09-2019 14:37:49  INFO [libs.ActionsWithOurElements] : 6 was inputted into Input
12-09-2019 14:37:49  INFO [libs.ActionsWithOurElements] : 7 was inputted into Input
12-09-2019 14:37:49  INFO [libs.ActionsWithOurElements] : Element was clicked
12-09-2019 14:38:10  INFO [pages.RegistrationPage] : Login page was opened
12-09-2019 14:38:10  INFO [libs.ActionsWithOurElements] : qwe@gmail.com was inputted into Input
12-09-2019 14:38:10  INFO [libs.ActionsWithOurElements] : 123 was inputted into Input
12-09-2019 14:38:10  INFO [libs.ActionsWithOurElements] : 123qwe was inputted into Input
12-09-2019 14:38:10  INFO [libs.ActionsWithOurElements] : 12345 was inputted into Input
12-09-2019 14:38:10  INFO [libs.ActionsWithOurElements] : 12345 was inputted into Input
12-09-2019 14:38:10  INFO [libs.ActionsWithOurElements] : +380 was inputted into Input
12-09-2019 14:38:10  INFO [libs.ActionsWithOurElements] : My_organization was inputted into Input
12-09-2019 14:38:10  INFO [libs.ActionsWithOurElements] : Element was clicked
12-09-2019 14:47:35  INFO [pages.RegistrationPage] : Login page was opened
12-09-2019 14:47:35  INFO [libs.ActionsWithOurElements] : qwe@gmail.com was inputted into Input
12-09-2019 14:47:35  INFO [libs.ActionsWithOurElements] : 123 was inputted into Input
12-09-2019 14:47:35  INFO [libs.ActionsWithOurElements] : 123qwe was inputted into Input
12-09-2019 14:47:35  INFO [libs.ActionsWithOurElements] : 12345 was inputted into Input
12-09-2019 14:47:35  INFO [libs.ActionsWithOurElements] : 12345 was inputted into Input
12-09-2019 14:47:35  INFO [libs.ActionsWithOurElements] : +380 was inputted into Input
12-09-2019 14:47:36  INFO [libs.ActionsWithOurElements] : My_organization was inputted into Input
12-09-2019 14:47:36  INFO [libs.ActionsWithOurElements] : Element was clicked
12-09-2019 14:48:45  INFO [pages.RegistrationPage] : Login page was opened
12-09-2019 14:48:45  INFO [libs.ActionsWithOurElements] : qwe@gmail.com was inputted into Input
12-09-2019 14:48:45  INFO [libs.ActionsWithOurElements] : 123 was inputted into Input
12-09-2019 14:48:45  INFO [libs.ActionsWithOurElements] : 123qwe was inputted into Input
12-09-2019 14:48:45  INFO [libs.ActionsWithOurElements] : 12345 was inputted into Input
12-09-2019 14:48:45  INFO [libs.ActionsWithOurElements] : 12345 was inputted into Input
12-09-2019 14:48:45  INFO [libs.ActionsWithOurElements] : +380 was inputted into Input
12-09-2019 14:48:45  INFO [libs.ActionsWithOurElements] : My_organization was inputted into Input
12-09-2019 14:48:45  INFO [libs.ActionsWithOurElements] : Element was clicked
12-09-2019 14:50:20  INFO [pages.RegistrationPage] : Login page was opened
12-09-2019 14:50:20  INFO [libs.ActionsWithOurElements] : qwe@gmail.com was inputted into Input
12-09-2019 14:50:20  INFO [libs.ActionsWithOurElements] : 123 was inputted into Input
12-09-2019 14:50:20  INFO [libs.ActionsWithOurElements] : 123qwe was inputted into Input
12-09-2019 14:50:20  INFO [libs.ActionsWithOurElements] : 12345 was inputted into Input
12-09-2019 14:50:20  INFO [libs.ActionsWithOurElements] : 12345 was inputted into Input
12-09-2019 14:50:20  INFO [libs.ActionsWithOurElements] : +380 was inputted into Input
12-09-2019 14:50:20  INFO [libs.ActionsWithOurElements] : My_organization was inputted into Input
12-09-2019 14:50:20  INFO [libs.ActionsWithOurElements] : Element is displayed
12-09-2019 14:50:20  INFO [libs.ActionsWithOurElements] : Element was clicked
12-09-2019 14:50:20  INFO [libs.ActionsWithOurElements] : Element is displayed
12-09-2019 14:50:47  INFO [pages.RegistrationPage] : Login page was opened
12-09-2019 14:50:47  INFO [libs.ActionsWithOurElements] : qwe@gmail.com was inputted into Input
12-09-2019 14:50:47  INFO [libs.ActionsWithOurElements] : 123 was inputted into Input
12-09-2019 14:50:47  INFO [libs.ActionsWithOurElements] : 123qwe was inputted into Input
12-09-2019 14:50:47  INFO [libs.ActionsWithOurElements] : 12345 was inputted into Input
12-09-2019 14:50:47  INFO [libs.ActionsWithOurElements] : 12345 was inputted into Input
12-09-2019 14:50:47  INFO [libs.ActionsWithOurElements] : +380 was inputted into Input
12-09-2019 14:50:47  INFO [libs.ActionsWithOurElements] : My_organization was inputted into Input
12-09-2019 14:50:47  INFO [libs.ActionsWithOurElements] : Element is displayed
12-09-2019 14:50:48  INFO [libs.ActionsWithOurElements] : Element was clicked
12-09-2019 14:50:48  INFO [libs.ActionsWithOurElements] : Element is displayed
12-09-2019 14:51:20  INFO [pages.RegistrationPage] : Login page was opened
12-09-2019 14:51:21  INFO [libs.ActionsWithOurElements] : 1 was inputted into Input
12-09-2019 14:51:21  INFO [libs.ActionsWithOurElements] : 2 was inputted into Input
12-09-2019 14:51:21  INFO [libs.ActionsWithOurElements] : 3 was inputted into Input
12-09-2019 14:51:21  INFO [libs.ActionsWithOurElements] : 4 was inputted into Input
12-09-2019 14:51:21  INFO [libs.ActionsWithOurElements] : 5 was inputted into Input
12-09-2019 14:51:21  INFO [libs.ActionsWithOurElements] : 6 was inputted into Input
12-09-2019 14:51:21  INFO [libs.ActionsWithOurElements] : 7 was inputted into Input
12-09-2019 14:51:21  INFO [libs.ActionsWithOurElements] : Element was clicked
12-09-2019 14:51:21  INFO [libs.ActionsWithOurElements] : Element is displayed
12-09-2019 14:52:44  INFO [pages.RegistrationPage] : Login page was opened
12-09-2019 14:52:44  INFO [libs.ActionsWithOurElements] : 1 was inputted into Input
12-09-2019 14:52:44  INFO [libs.ActionsWithOurElements] : 2 was inputted into Input
12-09-2019 14:52:44  INFO [libs.ActionsWithOurElements] : 3 was inputted into Input
12-09-2019 14:52:44  INFO [libs.ActionsWithOurElements] : 4 was inputted into Input
12-09-2019 14:52:44  INFO [libs.ActionsWithOurElements] : 5 was inputted into Input
12-09-2019 14:52:45  INFO [libs.ActionsWithOurElements] : 6 was inputted into Input
12-09-2019 14:52:45  INFO [libs.ActionsWithOurElements] : 7 was inputted into Input
12-09-2019 14:52:45  INFO [libs.ActionsWithOurElements] : Element is displayed
12-09-2019 14:52:45  INFO [libs.ActionsWithOurElements] : Element was clicked
12-09-2019 14:52:45  INFO [libs.ActionsWithOurElements] : Element is displayed
12-09-2019 14:53:08  INFO [pages.RegistrationPage] : Login page was opened
12-09-2019 14:53:09  INFO [libs.ActionsWithOurElements] : 1 was inputted into Input
12-09-2019 14:53:09  INFO [libs.ActionsWithOurElements] : 2 was inputted into Input
12-09-2019 14:53:09  INFO [libs.ActionsWithOurElements] : 3 was inputted into Input
12-09-2019 14:53:09  INFO [libs.ActionsWithOurElements] : 4 was inputted into Input
12-09-2019 14:53:09  INFO [libs.ActionsWithOurElements] : 5 was inputted into Input
12-09-2019 14:53:09  INFO [libs.ActionsWithOurElements] : 6 was inputted into Input
12-09-2019 14:53:09  INFO [libs.ActionsWithOurElements] : 7 was inputted into Input
12-09-2019 14:53:09  INFO [libs.ActionsWithOurElements] : Element is displayed
12-09-2019 14:53:09  INFO [libs.ActionsWithOurElements] : Element was clicked
12-09-2019 14:53:09  INFO [libs.ActionsWithOurElements] : Element is displayed
12-09-2019 14:53:19  INFO [pages.RegistrationPage] : Login page was opened
12-09-2019 14:53:19  INFO [libs.ActionsWithOurElements] : 7 was inputted into Input
12-09-2019 14:53:20  INFO [libs.ActionsWithOurElements] : 6 was inputted into Input
12-09-2019 14:53:20  INFO [libs.ActionsWithOurElements] : 5 was inputted into Input
12-09-2019 14:53:20  INFO [libs.ActionsWithOurElements] : 4 was inputted into Input
12-09-2019 14:53:20  INFO [libs.ActionsWithOurElements] : 3 was inputted into Input
12-09-2019 14:53:20  INFO [libs.ActionsWithOurElements] : 2 was inputted into Input
12-09-2019 14:53:20  INFO [libs.ActionsWithOurElements] : 1 was inputted into Input
12-09-2019 14:53:20  INFO [libs.ActionsWithOurElements] : Element is displayed
12-09-2019 14:53:20  INFO [libs.ActionsWithOurElements] : Element was clicked
12-09-2019 14:53:20  INFO [libs.ActionsWithOurElements] : Element is displayed
12-09-2019 14:53:30  INFO [pages.RegistrationPage] : Login page was opened
12-09-2019 14:53:30  INFO [libs.ActionsWithOurElements] : a was inputted into Input
12-09-2019 14:53:30  INFO [libs.ActionsWithOurElements] : b was inputted into Input
12-09-2019 14:53:30  INFO [libs.ActionsWithOurElements] : c was inputted into Input
12-09-2019 14:53:31  INFO [libs.ActionsWithOurElements] : d was inputted into Input
12-09-2019 14:53:31  INFO [libs.ActionsWithOurElements] : e was inputted into Input
12-09-2019 14:53:31  INFO [libs.ActionsWithOurElements] : f was inputted into Input
12-09-2019 14:53:31  INFO [libs.ActionsWithOurElements] : g was inputted into Input
12-09-2019 14:53:31  INFO [libs.ActionsWithOurElements] : Element is displayed
12-09-2019 14:53:31  INFO [libs.ActionsWithOurElements] : Element was clicked
12-09-2019 14:53:31  INFO [libs.ActionsWithOurElements] : Element is displayed
12-09-2019 14:56:27  INFO [pages.RegistrationPage] : Login page was opened
12-09-2019 14:56:27  INFO [libs.ActionsWithOurElements] : 1 was inputted into Input
12-09-2019 14:56:27  INFO [libs.ActionsWithOurElements] : 2 was inputted into Input
12-09-2019 14:56:27  INFO [libs.ActionsWithOurElements] : 3 was inputted into Input
12-09-2019 14:56:27  INFO [libs.ActionsWithOurElements] : 4 was inputted into Input
12-09-2019 14:56:27  INFO [libs.ActionsWithOurElements] : 5 was inputted into Input
12-09-2019 14:56:27  INFO [libs.ActionsWithOurElements] : 6 was inputted into Input
12-09-2019 14:56:27  INFO [libs.ActionsWithOurElements] : 7 was inputted into Input
12-09-2019 14:56:27  INFO [libs.ActionsWithOurElements] : Element is displayed
12-09-2019 14:56:27  INFO [libs.ActionsWithOurElements] : Element was clicked
12-09-2019 14:56:27  INFO [libs.ActionsWithOurElements] : Element is displayed
12-09-2019 14:56:46  INFO [pages.RegistrationPage] : Login page was opened
12-09-2019 14:56:46  INFO [libs.ActionsWithOurElements] : qwe@gmail.com was inputted into Input
12-09-2019 14:56:46  INFO [libs.ActionsWithOurElements] : 123 was inputted into Input
12-09-2019 14:56:46  INFO [libs.ActionsWithOurElements] : 123qwe was inputted into Input
12-09-2019 14:56:46  INFO [libs.ActionsWithOurElements] : 12345 was inputted into Input
12-09-2019 14:56:47  INFO [libs.ActionsWithOurElements] : 12345 was inputted into Input
12-09-2019 14:56:47  INFO [libs.ActionsWithOurElements] : +380 was inputted into Input
12-09-2019 14:56:47  INFO [libs.ActionsWithOurElements] : My_organization was inputted into Input
12-09-2019 14:56:47  INFO [libs.ActionsWithOurElements] : Element is displayed
12-09-2019 14:56:47  INFO [libs.ActionsWithOurElements] : Element was clicked
12-09-2019 14:56:47  INFO [libs.ActionsWithOurElements] : Element is displayed
12-09-2019 14:58:10  INFO [pages.RegistrationPage] : Login page was opened
12-09-2019 14:58:10  INFO [libs.ActionsWithOurElements] : 1 was inputted into Input
12-09-2019 14:58:10  INFO [libs.ActionsWithOurElements] : 2 was inputted into Input
12-09-2019 14:58:10  INFO [libs.ActionsWithOurElements] : 3 was inputted into Input
12-09-2019 14:58:10  INFO [libs.ActionsWithOurElements] : 4 was inputted into Input
12-09-2019 14:58:10  INFO [libs.ActionsWithOurElements] : 5 was inputted into Input
12-09-2019 14:58:10  INFO [libs.ActionsWithOurElements] : 6 was inputted into Input
12-09-2019 14:58:10  INFO [libs.ActionsWithOurElements] : 7 was inputted into Input
12-09-2019 14:58:10  INFO [libs.ActionsWithOurElements] : Element is displayed
12-09-2019 14:58:10  INFO [libs.ActionsWithOurElements] : Element was clicked
12-09-2019 14:58:10  INFO [libs.ActionsWithOurElements] : Element is displayed
12-09-2019 14:58:53  INFO [pages.RegistrationPage] : Login page was opened
12-09-2019 14:58:53  INFO [libs.ActionsWithOurElements] : 1 was inputted into Input
12-09-2019 14:58:53  INFO [libs.ActionsWithOurElements] : 2 was inputted into Input
12-09-2019 14:58:53  INFO [libs.ActionsWithOurElements] : 3 was inputted into Input
12-09-2019 14:58:53  INFO [libs.ActionsWithOurElements] : 4 was inputted into Input
12-09-2019 14:58:53  INFO [libs.ActionsWithOurElements] : 5 was inputted into Input
12-09-2019 14:58:54  INFO [libs.ActionsWithOurElements] : 6 was inputted into Input
12-09-2019 14:58:54  INFO [libs.ActionsWithOurElements] : 7 was inputted into Input
12-09-2019 14:58:54  INFO [libs.ActionsWithOurElements] : Element is displayed
12-09-2019 14:58:54  INFO [libs.ActionsWithOurElements] : Element was clicked
12-09-2019 14:58:54  INFO [libs.ActionsWithOurElements] : Element is displayed
12-09-2019 14:59:45  INFO [pages.RegistrationPage] : Login page was opened
12-09-2019 14:59:45  INFO [libs.ActionsWithOurElements] : 1 was inputted into Input
12-09-2019 14:59:45  INFO [libs.ActionsWithOurElements] : 2 was inputted into Input
12-09-2019 14:59:45  INFO [libs.ActionsWithOurElements] : 3 was inputted into Input
12-09-2019 14:59:45  INFO [libs.ActionsWithOurElements] : 4 was inputted into Input
12-09-2019 14:59:45  INFO [libs.ActionsWithOurElements] : 5 was inputted into Input
12-09-2019 14:59:45  INFO [libs.ActionsWithOurElements] : 6 was inputted into Input
12-09-2019 14:59:45  INFO [libs.ActionsWithOurElements] : 7 was inputted into Input
12-09-2019 14:59:45  INFO [libs.ActionsWithOurElements] : Element is displayed
12-09-2019 14:59:45  INFO [libs.ActionsWithOurElements] : Element was clicked
12-09-2019 14:59:45  INFO [libs.ActionsWithOurElements] : Element is displayed
12-09-2019 15:02:18  INFO [pages.RegistrationPage] : Login page was opened
12-09-2019 15:02:18  INFO [libs.ActionsWithOurElements] : qwe@gmail.com was inputted into Input
12-09-2019 15:02:18  INFO [libs.ActionsWithOurElements] : 123 was inputted into Input
12-09-2019 15:02:18  INFO [libs.ActionsWithOurElements] : 123qwe was inputted into Input
12-09-2019 15:02:18  INFO [libs.ActionsWithOurElements] : 12345 was inputted into Input
12-09-2019 15:02:18  INFO [libs.ActionsWithOurElements] : 12345 was inputted into Input
12-09-2019 15:02:18  INFO [libs.ActionsWithOurElements] : +380 was inputted into Input
12-09-2019 15:02:19  INFO [libs.ActionsWithOurElements] : My_organization was inputted into Input
12-09-2019 15:02:19  INFO [libs.ActionsWithOurElements] : Element is displayed
12-09-2019 15:02:19  INFO [libs.ActionsWithOurElements] : Element was clicked
12-09-2019 15:02:19  INFO [libs.ActionsWithOurElements] : Element is displayed
12-09-2019 15:05:38  INFO [pages.RegistrationPage] : Login page was opened
12-09-2019 15:05:38  INFO [libs.ActionsWithOurElements] : qwe@gmail.com was inputted into Input
12-09-2019 15:05:39  INFO [libs.ActionsWithOurElements] : 123 was inputted into Input
12-09-2019 15:05:39  INFO [libs.ActionsWithOurElements] : 123qwe was inputted into Input
12-09-2019 15:05:39  INFO [libs.ActionsWithOurElements] : 12345 was inputted into Input
12-09-2019 15:05:39  INFO [libs.ActionsWithOurElements] : 12345 was inputted into Input
12-09-2019 15:05:39  INFO [libs.ActionsWithOurElements] : +380 was inputted into Input
12-09-2019 15:05:39  INFO [libs.ActionsWithOurElements] : My_organization was inputted into Input
12-09-2019 15:05:39  INFO [libs.ActionsWithOurElements] : Element is displayed
12-09-2019 15:05:39  INFO [libs.ActionsWithOurElements] : Element was clicked
12-09-2019 15:05:39  INFO [libs.ActionsWithOurElements] : Element is displayed
12-09-2019 15:06:02  INFO [pages.RegistrationPage] : Login page was opened
12-09-2019 15:06:02  INFO [libs.ActionsWithOurElements] : qwe@gmail.com was inputted into Input
12-09-2019 15:06:02  INFO [libs.ActionsWithOurElements] : 123 was inputted into Input
12-09-2019 15:06:02  INFO [libs.ActionsWithOurElements] : 123qwe was inputted into Input
12-09-2019 15:06:02  INFO [libs.ActionsWithOurElements] : 12345 was inputted into Input
12-09-2019 15:06:02  INFO [libs.ActionsWithOurElements] : 12345 was inputted into Input
12-09-2019 15:06:02  INFO [libs.ActionsWithOurElements] : +380 was inputted into Input
12-09-2019 15:06:02  INFO [libs.ActionsWithOurElements] : My_organization was inputted into Input
12-09-2019 15:06:02  INFO [libs.ActionsWithOurElements] : Element is displayed
12-09-2019 15:06:02  INFO [libs.ActionsWithOurElements] : Element was clicked
12-09-2019 15:06:02  INFO [libs.ActionsWithOurElements] : Element is displayed
12-09-2019 15:06:02 ERROR [libs.ActionsWithOurElements] : Element is not displayedorg.openqa.selenium.InvalidSelectorException: invalid selector: An invalid or illegal selector was specified
  (Session info: chrome=78.0.3904.108)
  (Driver info: chromedriver=2.43.600210 (68dcf5eebde37173d4027fa8635e332711d2874a),platform=Windows NT 10.0.18363 x86_64) (WARNING: The server did not provide any stacktrace information)
Command duration or timeout: 0 milliseconds
For documentation on this error, please visit: https://www.seleniumhq.org/exceptions/invalid_selector_exception.html
Build info: version: '3.141.59', revision: 'e82be7d358', time: '2018-11-14T08:17:03'
System info: host: 'PC17050', ip: '192.168.20.211', os.name: 'Windows 10', os.arch: 'amd64', os.version: '10.0', java.version: '11.0.1'
Driver info: org.openqa.selenium.chrome.ChromeDriver
Capabilities {acceptInsecureCerts: false, acceptSslCerts: false, applicationCacheEnabled: false, browserConnectionEnabled: false, browserName: chrome, chrome: {chromedriverVersion: 2.43.600210 (68dcf5eebde371..., userDataDir: C:\Users\VADIM~1.KOR\AppDat...}, cssSelectorsEnabled: true, databaseEnabled: false, goog:chromeOptions: {debuggerAddress: localhost:63003}, handlesAlerts: true, hasTouchScreen: false, javascriptEnabled: true, locationContextEnabled: true, mobileEmulationEnabled: false, nativeEvents: true, networkConnectionEnabled: false, pageLoadStrategy: normal, platform: XP, platformName: XP, rotatable: false, setWindowRect: true, takesHeapSnapshot: true, takesScreenshot: true, unexpectedAlertBehaviour: , unhandledPromptBehavior: , version: 78.0.3904.108, webStorageEnabled: true}
Session ID: c05cf1f881cc22d251694366e1c56c26
*** Element info: {Using=css selector, value=/html/body/div/div/div[2]/div/h1}
12-09-2019 15:08:58  INFO [pages.RegistrationPage] : Login page was opened
12-09-2019 15:08:58  INFO [libs.ActionsWithOurElements] : qwe@gmail.com was inputted into Input
12-09-2019 15:08:58  INFO [libs.ActionsWithOurElements] : 123 was inputted into Input
12-09-2019 15:08:58  INFO [libs.ActionsWithOurElements] : 123qwe was inputted into Input
12-09-2019 15:08:58  INFO [libs.ActionsWithOurElements] : 12345 was inputted into Input
12-09-2019 15:08:58  INFO [libs.ActionsWithOurElements] : 12345 was inputted into Input
12-09-2019 15:08:58  INFO [libs.ActionsWithOurElements] : +380 was inputted into Input
12-09-2019 15:08:58  INFO [libs.ActionsWithOurElements] : My_organization was inputted into Input
12-09-2019 15:08:58  INFO [libs.ActionsWithOurElements] : Element is displayed
12-09-2019 15:08:58  INFO [libs.ActionsWithOurElements] : Element was clicked
12-09-2019 15:08:58  INFO [libs.ActionsWithOurElements] : Element is displayed
12-09-2019 15:09:17  INFO [pages.RegistrationPage] : Login page was opened
12-09-2019 15:09:17  INFO [libs.ActionsWithOurElements] : 1 was inputted into Input
12-09-2019 15:09:17  INFO [libs.ActionsWithOurElements] : 2 was inputted into Input
12-09-2019 15:09:17  INFO [libs.ActionsWithOurElements] : 3 was inputted into Input
12-09-2019 15:09:18  INFO [libs.ActionsWithOurElements] : 4 was inputted into Input
12-09-2019 15:09:18  INFO [libs.ActionsWithOurElements] : 5 was inputted into Input
12-09-2019 15:09:18  INFO [libs.ActionsWithOurElements] : 6 was inputted into Input
12-09-2019 15:09:18  INFO [libs.ActionsWithOurElements] : 7 was inputted into Input
12-09-2019 15:09:18  INFO [libs.ActionsWithOurElements] : Element is displayed
12-09-2019 15:09:18  INFO [libs.ActionsWithOurElements] : Element was clicked
12-09-2019 15:09:18  INFO [libs.ActionsWithOurElements] : Element is displayed
12-09-2019 15:09:28  INFO [pages.RegistrationPage] : Login page was opened
12-09-2019 15:09:28  INFO [libs.ActionsWithOurElements] : 7 was inputted into Input
12-09-2019 15:09:28  INFO [libs.ActionsWithOurElements] : 6 was inputted into Input
12-09-2019 15:09:28  INFO [libs.ActionsWithOurElements] : 5 was inputted into Input
12-09-2019 15:09:28  INFO [libs.ActionsWithOurElements] : 4 was inputted into Input
12-09-2019 15:09:29  INFO [libs.ActionsWithOurElements] : 3 was inputted into Input
12-09-2019 15:09:29  INFO [libs.ActionsWithOurElements] : 2 was inputted into Input
12-09-2019 15:09:29  INFO [libs.ActionsWithOurElements] : 1 was inputted into Input
12-09-2019 15:09:29  INFO [libs.ActionsWithOurElements] : Element is displayed
12-09-2019 15:09:29  INFO [libs.ActionsWithOurElements] : Element was clicked
12-09-2019 15:09:29  INFO [libs.ActionsWithOurElements] : Element is displayed
12-09-2019 15:20:11  INFO [pages.RegistrationPage] : Login page was opened
12-09-2019 15:20:11  INFO [libs.ActionsWithOurElements] : qwe@gmail.com was inputted into Input
12-09-2019 15:20:11  INFO [libs.ActionsWithOurElements] : 123 was inputted into Input
12-09-2019 15:20:11  INFO [libs.ActionsWithOurElements] : 123qwe was inputted into Input
12-09-2019 15:20:12  INFO [libs.ActionsWithOurElements] : 12345 was inputted into Input
12-09-2019 15:20:12  INFO [libs.ActionsWithOurElements] : 12345 was inputted into Input
12-09-2019 15:20:12  INFO [libs.ActionsWithOurElements] : +380 was inputted into Input
12-09-2019 15:20:12  INFO [libs.ActionsWithOurElements] : My_organization was inputted into Input
12-09-2019 15:20:12  INFO [libs.ActionsWithOurElements] : Element is displayed
12-09-2019 15:20:12  INFO [libs.ActionsWithOurElements] : Element was clicked
12-09-2019 15:20:12  INFO [libs.ActionsWithOurElements] : Element is displayed
12-09-2019 15:20:28  INFO [pages.RegistrationPage] : Login page was opened
12-09-2019 15:20:28  INFO [libs.ActionsWithOurElements] : 1 was inputted into Input
12-09-2019 15:20:28  INFO [libs.ActionsWithOurElements] : 2 was inputted into Input
12-09-2019 15:20:28  INFO [libs.ActionsWithOurElements] : 3 was inputted into Input
12-09-2019 15:20:28  INFO [libs.ActionsWithOurElements] : 4 was inputted into Input
12-09-2019 15:20:28  INFO [libs.ActionsWithOurElements] : 5 was inputted into Input
12-09-2019 15:20:29  INFO [libs.ActionsWithOurElements] : 6 was inputted into Input
12-09-2019 15:20:29  INFO [libs.ActionsWithOurElements] : 7 was inputted into Input
12-09-2019 15:20:29  INFO [libs.ActionsWithOurElements] : Element is displayed
12-09-2019 15:20:29  INFO [libs.ActionsWithOurElements] : Element was clicked
12-09-2019 15:20:29  INFO [libs.ActionsWithOurElements] : Element is displayed
12-09-2019 15:20:39 ERROR [libs.ActionsWithOurElements] : Element is not displayedorg.openqa.selenium.NoSuchElementException: no such element: Unable to locate element: {"method":"xpath","selector":".//*[@class='input-control text chek_in_text']"}
  (Session info: chrome=78.0.3904.108)
  (Driver info: chromedriver=2.43.600210 (68dcf5eebde37173d4027fa8635e332711d2874a),platform=Windows NT 10.0.18363 x86_64) (WARNING: The server did not provide any stacktrace information)
Command duration or timeout: 0 milliseconds
For documentation on this error, please visit: https://www.seleniumhq.org/exceptions/no_such_element.html
Build info: version: '3.141.59', revision: 'e82be7d358', time: '2018-11-14T08:17:03'
System info: host: 'PC17050', ip: '192.168.20.211', os.name: 'Windows 10', os.arch: 'amd64', os.version: '10.0', java.version: '11.0.1'
Driver info: org.openqa.selenium.chrome.ChromeDriver
Capabilities {acceptInsecureCerts: false, acceptSslCerts: false, applicationCacheEnabled: false, browserConnectionEnabled: false, browserName: chrome, chrome: {chromedriverVersion: 2.43.600210 (68dcf5eebde371..., userDataDir: C:\Users\VADIM~1.KOR\AppDat...}, cssSelectorsEnabled: true, databaseEnabled: false, goog:chromeOptions: {debuggerAddress: localhost:63640}, handlesAlerts: true, hasTouchScreen: false, javascriptEnabled: true, locationContextEnabled: true, mobileEmulationEnabled: false, nativeEvents: true, networkConnectionEnabled: false, pageLoadStrategy: normal, platform: XP, platformName: XP, rotatable: false, setWindowRect: true, takesHeapSnapshot: true, takesScreenshot: true, unexpectedAlertBehaviour: , unhandledPromptBehavior: , version: 78.0.3904.108, webStorageEnabled: true}
Session ID: d9e759b947475af8d69173d631084bd2
*** Element info: {Using=xpath, value=.//*[@class='input-control text chek_in_text']}
12-09-2019 15:22:57  INFO [pages.RegistrationPage] : Login page was opened
12-09-2019 15:22:58  INFO [libs.ActionsWithOurElements] : 1 was inputted into Input
12-09-2019 15:22:58  INFO [libs.ActionsWithOurElements] : 2 was inputted into Input
12-09-2019 15:22:58  INFO [libs.ActionsWithOurElements] : 3 was inputted into Input
12-09-2019 15:22:58  INFO [libs.ActionsWithOurElements] : 4 was inputted into Input
12-09-2019 15:22:58  INFO [libs.ActionsWithOurElements] : 5 was inputted into Input
12-09-2019 15:22:58  INFO [libs.ActionsWithOurElements] : 6 was inputted into Input
12-09-2019 15:22:58  INFO [libs.ActionsWithOurElements] : 7 was inputted into Input
12-09-2019 15:22:58  INFO [libs.ActionsWithOurElements] : Element is displayed
12-09-2019 15:22:58  INFO [libs.ActionsWithOurElements] : Element was clicked
12-09-2019 15:22:58  INFO [libs.ActionsWithOurElements] : Element is displayed
12-09-2019 15:23:08 ERROR [libs.ActionsWithOurElements] : Element is not displayedorg.openqa.selenium.NoSuchElementException: no such element: Unable to locate element: {"method":"xpath","selector":".//*[@class='input-control text chek_in_text']"}
  (Session info: chrome=78.0.3904.108)
  (Driver info: chromedriver=2.43.600210 (68dcf5eebde37173d4027fa8635e332711d2874a),platform=Windows NT 10.0.18363 x86_64) (WARNING: The server did not provide any stacktrace information)
Command duration or timeout: 0 milliseconds
For documentation on this error, please visit: https://www.seleniumhq.org/exceptions/no_such_element.html
Build info: version: '3.141.59', revision: 'e82be7d358', time: '2018-11-14T08:17:03'
System info: host: 'PC17050', ip: '192.168.20.211', os.name: 'Windows 10', os.arch: 'amd64', os.version: '10.0', java.version: '11.0.1'
Driver info: org.openqa.selenium.chrome.ChromeDriver
Capabilities {acceptInsecureCerts: false, acceptSslCerts: false, applicationCacheEnabled: false, browserConnectionEnabled: false, browserName: chrome, chrome: {chromedriverVersion: 2.43.600210 (68dcf5eebde371..., userDataDir: C:\Users\VADIM~1.KOR\AppDat...}, cssSelectorsEnabled: true, databaseEnabled: false, goog:chromeOptions: {debuggerAddress: localhost:63772}, handlesAlerts: true, hasTouchScreen: false, javascriptEnabled: true, locationContextEnabled: true, mobileEmulationEnabled: false, nativeEvents: true, networkConnectionEnabled: false, pageLoadStrategy: normal, platform: XP, platformName: XP, rotatable: false, setWindowRect: true, takesHeapSnapshot: true, takesScreenshot: true, unexpectedAlertBehaviour: , unhandledPromptBehavior: , version: 78.0.3904.108, webStorageEnabled: true}
Session ID: a16766941a55e3dcba2bd3553695dbec
*** Element info: {Using=xpath, value=.//*[@class='input-control text chek_in_text']}
12-09-2019 15:23:45  INFO [pages.RegistrationPage] : Login page was opened
12-09-2019 15:23:46  INFO [libs.ActionsWithOurElements] : 1 was inputted into Input
12-09-2019 15:23:46  INFO [libs.ActionsWithOurElements] : 2 was inputted into Input
12-09-2019 15:23:46  INFO [libs.ActionsWithOurElements] : 3 was inputted into Input
12-09-2019 15:23:46  INFO [libs.ActionsWithOurElements] : 4 was inputted into Input
12-09-2019 15:23:46  INFO [libs.ActionsWithOurElements] : 5 was inputted into Input
12-09-2019 15:23:46  INFO [libs.ActionsWithOurElements] : 6 was inputted into Input
12-09-2019 15:23:46  INFO [libs.ActionsWithOurElements] : 7 was inputted into Input
12-09-2019 15:23:46  INFO [libs.ActionsWithOurElements] : Element is displayed
12-09-2019 15:23:46  INFO [libs.ActionsWithOurElements] : Element was clicked
12-09-2019 15:23:46  INFO [libs.ActionsWithOurElements] : Element is displayed
12-09-2019 15:23:56 ERROR [libs.ActionsWithOurElements] : Element is not displayedorg.openqa.selenium.NoSuchElementException: no such element: Unable to locate element: {"method":"xpath","selector":".//*[@class='input-control text chek_in_text']"}
  (Session info: chrome=78.0.3904.108)
  (Driver info: chromedriver=2.43.600210 (68dcf5eebde37173d4027fa8635e332711d2874a),platform=Windows NT 10.0.18363 x86_64) (WARNING: The server did not provide any stacktrace information)
Command duration or timeout: 0 milliseconds
For documentation on this error, please visit: https://www.seleniumhq.org/exceptions/no_such_element.html
Build info: version: '3.141.59', revision: 'e82be7d358', time: '2018-11-14T08:17:03'
System info: host: 'PC17050', ip: '192.168.20.211', os.name: 'Windows 10', os.arch: 'amd64', os.version: '10.0', java.version: '11.0.1'
Driver info: org.openqa.selenium.chrome.ChromeDriver
Capabilities {acceptInsecureCerts: false, acceptSslCerts: false, applicationCacheEnabled: false, browserConnectionEnabled: false, browserName: chrome, chrome: {chromedriverVersion: 2.43.600210 (68dcf5eebde371..., userDataDir: C:\Users\VADIM~1.KOR\AppDat...}, cssSelectorsEnabled: true, databaseEnabled: false, goog:chromeOptions: {debuggerAddress: localhost:63846}, handlesAlerts: true, hasTouchScreen: false, javascriptEnabled: true, locationContextEnabled: true, mobileEmulationEnabled: false, nativeEvents: true, networkConnectionEnabled: false, pageLoadStrategy: normal, platform: XP, platformName: XP, rotatable: false, setWindowRect: true, takesHeapSnapshot: true, takesScreenshot: true, unexpectedAlertBehaviour: , unhandledPromptBehavior: , version: 78.0.3904.108, webStorageEnabled: true}
Session ID: 4f9270f96618c1dd5a0a3517d0f05b4a
*** Element info: {Using=xpath, value=.//*[@class='input-control text chek_in_text']}
12-09-2019 15:24:53  INFO [pages.RegistrationPage] : Login page was opened
12-09-2019 15:24:53  INFO [libs.ActionsWithOurElements] : 1 was inputted into Input
12-09-2019 15:24:53  INFO [libs.ActionsWithOurElements] : 2 was inputted into Input
12-09-2019 15:24:53  INFO [libs.ActionsWithOurElements] : 3 was inputted into Input
12-09-2019 15:24:53  INFO [libs.ActionsWithOurElements] : 4 was inputted into Input
12-09-2019 15:24:53  INFO [libs.ActionsWithOurElements] : 5 was inputted into Input
12-09-2019 15:24:53  INFO [libs.ActionsWithOurElements] : 6 was inputted into Input
12-09-2019 15:24:53  INFO [libs.ActionsWithOurElements] : 7 was inputted into Input
12-09-2019 15:24:53  INFO [libs.ActionsWithOurElements] : Element is displayed
12-09-2019 15:24:53  INFO [libs.ActionsWithOurElements] : Element was clicked
12-09-2019 15:24:53  INFO [libs.ActionsWithOurElements] : Element is displayed
12-09-2019 15:25:14  INFO [pages.RegistrationPage] : Login page was opened
12-09-2019 15:25:14  INFO [libs.ActionsWithOurElements] : 7 was inputted into Input
12-09-2019 15:25:14  INFO [libs.ActionsWithOurElements] : 6 was inputted into Input
12-09-2019 15:25:14  INFO [libs.ActionsWithOurElements] : 5 was inputted into Input
12-09-2019 15:25:14  INFO [libs.ActionsWithOurElements] : 4 was inputted into Input
12-09-2019 15:25:14  INFO [libs.ActionsWithOurElements] : 3 was inputted into Input
12-09-2019 15:25:14  INFO [libs.ActionsWithOurElements] : 2 was inputted into Input
12-09-2019 15:25:14  INFO [libs.ActionsWithOurElements] : 1 was inputted into Input
12-09-2019 15:25:14  INFO [libs.ActionsWithOurElements] : Element is displayed
12-09-2019 15:25:14  INFO [libs.ActionsWithOurElements] : Element was clicked
12-09-2019 15:25:14  INFO [libs.ActionsWithOurElements] : Element is displayed
12-09-2019 15:25:54  INFO [pages.RegistrationPage] : Login page was opened
12-09-2019 15:25:54  INFO [libs.ActionsWithOurElements] : 1 was inputted into Input
12-09-2019 15:25:54  INFO [libs.ActionsWithOurElements] : 2 was inputted into Input
12-09-2019 15:25:54  INFO [libs.ActionsWithOurElements] : 3 was inputted into Input
12-09-2019 15:25:54  INFO [libs.ActionsWithOurElements] : 4 was inputted into Input
12-09-2019 15:25:54  INFO [libs.ActionsWithOurElements] : 5 was inputted into Input
12-09-2019 15:25:54  INFO [libs.ActionsWithOurElements] : 6 was inputted into Input
12-09-2019 15:25:54  INFO [libs.ActionsWithOurElements] : 7 was inputted into Input
12-09-2019 15:25:54  INFO [libs.ActionsWithOurElements] : Element is displayed
12-09-2019 15:25:54  INFO [libs.ActionsWithOurElements] : Element was clicked
12-09-2019 15:25:54  INFO [libs.ActionsWithOurElements] : Element is displayed
12-09-2019 15:26:15  INFO [pages.RegistrationPage] : Login page was opened
12-09-2019 15:26:15  INFO [libs.ActionsWithOurElements] : 7 was inputted into Input
12-09-2019 15:26:15  INFO [libs.ActionsWithOurElements] : 6 was inputted into Input
12-09-2019 15:26:15  INFO [libs.ActionsWithOurElements] : 5 was inputted into Input
12-09-2019 15:26:15  INFO [libs.ActionsWithOurElements] : 4 was inputted into Input
12-09-2019 15:26:15  INFO [libs.ActionsWithOurElements] : 4 was inputted into Input
12-09-2019 15:26:15  INFO [libs.ActionsWithOurElements] : 2 was inputted into Input
12-09-2019 15:26:15  INFO [libs.ActionsWithOurElements] : 1 was inputted into Input
12-09-2019 15:26:15  INFO [libs.ActionsWithOurElements] : Element is displayed
12-09-2019 15:26:15  INFO [libs.ActionsWithOurElements] : Element was clicked
12-09-2019 15:26:15  INFO [libs.ActionsWithOurElements] : Element is displayed
12-09-2019 15:26:26  INFO [pages.RegistrationPage] : Login page was opened
12-09-2019 15:26:26  INFO [libs.ActionsWithOurElements] : a was inputted into Input
12-09-2019 15:26:26  INFO [libs.ActionsWithOurElements] : b was inputted into Input
12-09-2019 15:26:26  INFO [libs.ActionsWithOurElements] : c was inputted into Input
12-09-2019 15:26:26  INFO [libs.ActionsWithOurElements] : d was inputted into Input
12-09-2019 15:26:26  INFO [libs.ActionsWithOurElements] : e was inputted into Input
12-09-2019 15:26:26  INFO [libs.ActionsWithOurElements] : f was inputted into Input
12-09-2019 15:26:26  INFO [libs.ActionsWithOurElements] : g was inputted into Input
12-09-2019 15:26:26  INFO [libs.ActionsWithOurElements] : Element is displayed
12-09-2019 15:26:26  INFO [libs.ActionsWithOurElements] : Element was clicked
12-09-2019 15:26:26  INFO [libs.ActionsWithOurElements] : Element is displayed
12-09-2019 15:26:52  INFO [pages.RegistrationPage] : Login page was opened
12-09-2019 15:26:52  INFO [libs.ActionsWithOurElements] : qwe@gmail.com was inputted into Input
12-09-2019 15:26:52  INFO [libs.ActionsWithOurElements] : 123 was inputted into Input
12-09-2019 15:26:52  INFO [libs.ActionsWithOurElements] : 123qwe was inputted into Input
12-09-2019 15:26:52  INFO [libs.ActionsWithOurElements] : 12345 was inputted into Input
12-09-2019 15:26:53  INFO [libs.ActionsWithOurElements] : 12345 was inputted into Input
12-09-2019 15:26:53  INFO [libs.ActionsWithOurElements] : +380 was inputted into Input
12-09-2019 15:26:53  INFO [libs.ActionsWithOurElements] : My_organization was inputted into Input
12-09-2019 15:26:53  INFO [libs.ActionsWithOurElements] : Element is displayed
12-09-2019 15:26:53  INFO [libs.ActionsWithOurElements] : Element was clicked
12-09-2019 15:26:53  INFO [libs.ActionsWithOurElements] : Element is displayed
12-09-2019 15:27:37  INFO [pages.RegistrationPage] : Login page was opened
12-09-2019 15:27:37  INFO [libs.ActionsWithOurElements] : qwe@gmail.com was inputted into Input
12-09-2019 15:27:37  INFO [libs.ActionsWithOurElements] : 123 was inputted into Input
12-09-2019 15:27:37  INFO [libs.ActionsWithOurElements] : 123qwe was inputted into Input
12-09-2019 15:27:37  INFO [libs.ActionsWithOurElements] : 12345 was inputted into Input
12-09-2019 15:27:37  INFO [libs.ActionsWithOurElements] : 12345 was inputted into Input
12-09-2019 15:27:37  INFO [libs.ActionsWithOurElements] : +380 was inputted into Input
12-09-2019 15:27:37  INFO [libs.ActionsWithOurElements] : My_organization was inputted into Input
12-09-2019 15:27:37  INFO [libs.ActionsWithOurElements] : Element was clicked
12-09-2019 15:27:37  INFO [pages.WelcomePage] : Element is displayed
12-09-2019 15:28:12  INFO [pages.RegistrationPage] : Login page was opened
12-09-2019 15:28:12  INFO [libs.ActionsWithOurElements] : 1 was inputted into Input
12-09-2019 15:28:12  INFO [libs.ActionsWithOurElements] : 2 was inputted into Input
12-09-2019 15:28:12  INFO [libs.ActionsWithOurElements] : 3 was inputted into Input
12-09-2019 15:28:12  INFO [libs.ActionsWithOurElements] : 4 was inputted into Input
12-09-2019 15:28:12  INFO [libs.ActionsWithOurElements] : 5 was inputted into Input
12-09-2019 15:28:12  INFO [libs.ActionsWithOurElements] : 6 was inputted into Input
12-09-2019 15:28:13  INFO [libs.ActionsWithOurElements] : 7 was inputted into Input
12-09-2019 15:28:13  INFO [libs.ActionsWithOurElements] : Element was clicked
12-09-2019 15:28:13  INFO [pages.WelcomePage] : Element is displayed
12-09-2019 15:28:33  INFO [pages.RegistrationPage] : Login page was opened
12-09-2019 15:28:33  INFO [libs.ActionsWithOurElements] : 7 was inputted into Input
12-09-2019 15:28:33  INFO [libs.ActionsWithOurElements] : 6 was inputted into Input
12-09-2019 15:28:33  INFO [libs.ActionsWithOurElements] : 5 was inputted into Input
12-09-2019 15:28:33  INFO [libs.ActionsWithOurElements] : 4 was inputted into Input
12-09-2019 15:28:33  INFO [libs.ActionsWithOurElements] : 4 was inputted into Input
12-09-2019 15:28:33  INFO [libs.ActionsWithOurElements] : 2 was inputted into Input
12-09-2019 15:28:33  INFO [libs.ActionsWithOurElements] : 1 was inputted into Input
12-09-2019 15:28:34  INFO [libs.ActionsWithOurElements] : Element was clicked
12-09-2019 15:28:34  INFO [pages.WelcomePage] : Element is displayed
12-09-2019 15:34:23  INFO [pages.RegistrationPage] : Login page was opened
12-09-2019 15:34:23  INFO [libs.ActionsWithOurElements] : Element was clicked
12-09-2019 16:09:38  INFO [pages.RegistrationPage] : Login page was opened
12-09-2019 16:09:38  INFO [libs.ActionsWithOurElements] : Element was clicked
12-09-2019 16:15:15  INFO [pages.RegistrationPage] : Login page was opened
12-09-2019 16:15:15  INFO [libs.ActionsWithOurElements] : Element was clicked
12-09-2019 16:15:48  INFO [pages.RegistrationPage] : Login page was opened
12-09-2019 16:15:48  INFO [libs.ActionsWithOurElements] : Element was clicked
12-09-2019 16:17:14  INFO [pages.RegistrationPage] : Login page was opened
12-09-2019 16:17:14  INFO [libs.ActionsWithOurElements] : Element was clicked
12-09-2019 16:19:58  INFO [pages.RegistrationPage] : Login page was opened
12-09-2019 16:19:58  INFO [libs.ActionsWithOurElements] : Element was clicked
12-09-2019 16:34:07  INFO [pages.RegistrationPage] : Login page was opened
12-09-2019 16:34:07  INFO [libs.ActionsWithOurElements] : Element was clicked
12-09-2019 16:43:37  INFO [pages.RegistrationPage] : Login page was opened
12-09-2019 16:43:37  INFO [libs.ActionsWithOurElements] : Element was clicked
12-09-2019 16:44:11  INFO [pages.RegistrationPage] : Login page was opened
12-09-2019 16:44:11  INFO [libs.ActionsWithOurElements] : Element was clicked
12-09-2019 16:46:04  INFO [pages.RegistrationPage] : Login page was opened
12-09-2019 16:46:04  INFO [libs.ActionsWithOurElements] : Element was clicked
12-09-2019 16:46:49  INFO [pages.RegistrationPage] : Login page was opened
12-09-2019 16:46:49  INFO [libs.ActionsWithOurElements] : Element was clicked
12-09-2019 16:47:29  INFO [pages.RegistrationPage] : Login page was opened
12-09-2019 16:47:29  INFO [libs.ActionsWithOurElements] : Element was clicked
12-09-2019 17:09:37  INFO [pages.RegistrationPage] : Login page was opened
12-09-2019 17:09:38  INFO [libs.ActionsWithOurElements] : qwe@gmail.com was inputted into Input
12-09-2019 17:09:38  INFO [libs.ActionsWithOurElements] : qweQWE was inputted into Input
12-09-2019 17:09:38  INFO [libs.ActionsWithOurElements] : qweQWE was inputted into Input
12-09-2019 17:09:38  INFO [libs.ActionsWithOurElements] : 12345 was inputted into Input
12-09-2019 17:09:38  INFO [libs.ActionsWithOurElements] : 12345 was inputted into Input
12-09-2019 17:09:38  INFO [libs.ActionsWithOurElements] : +380639992211 was inputted into Input
12-09-2019 17:09:38  INFO [libs.ActionsWithOurElements] : My_organization was inputted into Input
12-09-2019 17:09:38  INFO [libs.ActionsWithOurElements] : Element was clicked
12-09-2019 17:10:01  INFO [pages.RegistrationPage] : Login page was opened
12-09-2019 17:10:02  INFO [libs.ActionsWithOurElements] : qwe@gmail.com was inputted into Input
12-09-2019 17:10:02  INFO [libs.ActionsWithOurElements] : qweQWE was inputted into Input
12-09-2019 17:10:02  INFO [libs.ActionsWithOurElements] : qweQWE was inputted into Input
12-09-2019 17:10:02  INFO [libs.ActionsWithOurElements] : 12345 was inputted into Input
12-09-2019 17:10:02  INFO [libs.ActionsWithOurElements] : 12345 was inputted into Input
12-09-2019 17:10:02  INFO [libs.ActionsWithOurElements] : +380639992211 was inputted into Input
12-09-2019 17:10:02  INFO [libs.ActionsWithOurElements] : My_organization was inputted into Input
12-09-2019 17:10:02  INFO [libs.ActionsWithOurElements] : Element was clicked
12-09-2019 17:43:07  INFO [pages.RegistrationPage] : Login page was opened
12-09-2019 17:43:07 ERROR [libs.ActionsWithOurElements] : Cannot work with elementjava.lang.IllegalArgumentException: Keys to send should be a not null CharSequence
12-09-2019 17:57:14  INFO [pages.RegistrationPage] : Login page was opened
12-09-2019 17:57:14  INFO [libs.ActionsWithOurElements] : 0 was inputted into Input
12-09-2019 17:58:26  INFO [pages.RegistrationPage] : Login page was opened
12-09-2019 17:58:26  INFO [libs.ActionsWithOurElements] : 0 was inputted into Input
12-09-2019 17:58:36  INFO [pages.RegistrationPage] : Login page was opened
12-09-2019 17:58:36  INFO [libs.ActionsWithOurElements] : 12345 was inputted into Input
12-09-2019 18:07:04  INFO [pages.RegistrationPage] : Login page was opened
12-09-2019 18:07:04  INFO [libs.ActionsWithOurElements] :  was inputted into Input
12-09-2019 18:07:15  INFO [pages.RegistrationPage] : Login page was opened
12-09-2019 18:07:15  INFO [libs.ActionsWithOurElements] : 1 was inputted into Input
12-09-2019 18:07:25  INFO [pages.RegistrationPage] : Login page was opened
12-09-2019 18:07:25  INFO [libs.ActionsWithOurElements] : / was inputted into Input
12-09-2019 18:07:35  INFO [pages.RegistrationPage] : Login page was opened
12-09-2019 18:07:36  INFO [libs.ActionsWithOurElements] : aSvbn was inputted into Input
12-09-2019 18:36:44  INFO [pages.RegistrationPage] : Login page was opened
12-09-2019 18:36:44  INFO [libs.ActionsWithOurElements] : qwe@gmail.com was inputted into Input
12-09-2019 18:36:44  INFO [libs.ActionsWithOurElements] : qweQWE was inputted into Input
12-09-2019 18:36:45  INFO [libs.ActionsWithOurElements] : qweQWE was inputted into Input
12-09-2019 18:36:45  INFO [libs.ActionsWithOurElements] : 12345 was inputted into Input
12-09-2019 18:36:45  INFO [libs.ActionsWithOurElements] : 12345 was inputted into Input
12-09-2019 18:36:45  INFO [libs.ActionsWithOurElements] : +380639992211 was inputted into Input
12-09-2019 18:36:45  INFO [libs.ActionsWithOurElements] : My_organization was inputted into Input
12-09-2019 18:36:45  INFO [libs.ActionsWithOurElements] : Element was clicked
12-09-2019 18:42:57  INFO [pages.RegistrationPage] : Login page was opened
12-09-2019 18:42:58  INFO [libs.ActionsWithOurElements] : qwe@gmail.com was inputted into Input
12-09-2019 18:42:58  INFO [libs.ActionsWithOurElements] : qweQWE was inputted into Input
12-09-2019 18:42:58  INFO [libs.ActionsWithOurElements] : qweQWE was inputted into Input
12-09-2019 18:42:58  INFO [libs.ActionsWithOurElements] : 12345 was inputted into Input
12-09-2019 18:42:58  INFO [libs.ActionsWithOurElements] : 12345 was inputted into Input
12-09-2019 18:42:58  INFO [libs.ActionsWithOurElements] : +380639992211 was inputted into Input
12-09-2019 18:42:58  INFO [libs.ActionsWithOurElements] : My_organization was inputted into Input
12-09-2019 18:42:58  INFO [libs.ActionsWithOurElements] : Element was clicked
12-09-2019 18:43:08  INFO [pages.RegistrationPage] : Login page was opened
12-09-2019 18:43:09  INFO [libs.ActionsWithOurElements] : qwe@gmail.com was inputted into Input
12-09-2019 18:43:09  INFO [libs.ActionsWithOurElements] : qweQWE was inputted into Input
12-09-2019 18:43:09  INFO [libs.ActionsWithOurElements] : qweQWE was inputted into Input
12-09-2019 18:43:09  INFO [libs.ActionsWithOurElements] : 12345 was inputted into Input
12-09-2019 18:43:09  INFO [libs.ActionsWithOurElements] : 12345 was inputted into Input
12-09-2019 18:43:09  INFO [libs.ActionsWithOurElements] : +380639992211 was inputted into Input
12-09-2019 18:43:09  INFO [libs.ActionsWithOurElements] : My_organization was inputted into Input
12-09-2019 18:43:09  INFO [libs.ActionsWithOurElements] : Element was clicked
12-09-2019 18:43:20  INFO [pages.RegistrationPage] : Login page was opened
12-09-2019 18:43:20  INFO [libs.ActionsWithOurElements] : A was inputted into Input
12-09-2019 18:43:30  INFO [pages.RegistrationPage] : Login page was opened
12-09-2019 18:43:30  INFO [libs.ActionsWithOurElements] :  was inputted into Input
12-09-2019 18:43:40  INFO [pages.RegistrationPage] : Login page was opened
12-09-2019 18:43:41  INFO [libs.ActionsWithOurElements] : Ab was inputted into Input
12-09-2019 18:43:51  INFO [pages.RegistrationPage] : Login page was opened
12-09-2019 18:43:51  INFO [libs.ActionsWithOurElements] : Abc123 was inputted into Input
12-09-2019 18:44:01  INFO [pages.RegistrationPage] : Login page was opened
12-09-2019 18:44:02  INFO [libs.ActionsWithOurElements] : Abc123456 was inputted into Input
12-09-2019 18:44:12  INFO [pages.RegistrationPage] : Login page was opened
12-09-2019 18:44:12  INFO [libs.ActionsWithOurElements] : A123$%>?| was inputted into Input
12-09-2019 18:44:22  INFO [pages.RegistrationPage] : Login page was opened
12-09-2019 18:44:23  INFO [libs.ActionsWithOurElements] : A123$%>?|A123$%>?|A123$%>?|A123$%>?|A123$%>?|A123$%>?|A123$%>?|A123$%>?|A123$%>?|A123$%>?|A123$%>?|A123$%>?|A123$%>?| was inputted into Input
12-09-2019 18:44:33  INFO [pages.RegistrationPage] : Login page was opened
12-09-2019 18:44:33  INFO [libs.ActionsWithOurElements] : A was inputted into Input
12-09-2019 18:44:44  INFO [pages.RegistrationPage] : Login page was opened
12-09-2019 18:44:44  INFO [libs.ActionsWithOurElements] :  was inputted into Input
12-09-2019 18:44:54  INFO [pages.RegistrationPage] : Login page was opened
12-09-2019 18:44:54  INFO [libs.ActionsWithOurElements] : Ab was inputted into Input
12-09-2019 18:45:05  INFO [pages.RegistrationPage] : Login page was opened
12-09-2019 18:45:05  INFO [libs.ActionsWithOurElements] : qwe@gmail.com was inputted into Input
12-09-2019 18:45:05  INFO [libs.ActionsWithOurElements] : qweQWE was inputted into Input
12-09-2019 18:45:05  INFO [libs.ActionsWithOurElements] : qweQWE was inputted into Input
12-09-2019 18:45:05  INFO [libs.ActionsWithOurElements] : 12345 was inputted into Input
12-09-2019 18:45:05  INFO [libs.ActionsWithOurElements] : 12345 was inputted into Input
12-09-2019 18:45:05  INFO [libs.ActionsWithOurElements] : +380639992211 was inputted into Input
12-09-2019 18:45:05  INFO [libs.ActionsWithOurElements] : My_organization was inputted into Input
12-09-2019 18:45:05  INFO [libs.ActionsWithOurElements] : Element was clicked
12-09-2019 18:45:26  INFO [pages.RegistrationPage] : Login page was opened
12-09-2019 18:45:26  INFO [libs.ActionsWithOurElements] : 1 was inputted into Input
12-09-2019 18:45:26  INFO [libs.ActionsWithOurElements] : 2 was inputted into Input
12-09-2019 18:45:26  INFO [libs.ActionsWithOurElements] : 3 was inputted into Input
12-09-2019 18:45:26  INFO [libs.ActionsWithOurElements] : 4 was inputted into Input
12-09-2019 18:45:26  INFO [libs.ActionsWithOurElements] : 5 was inputted into Input
12-09-2019 18:45:26  INFO [libs.ActionsWithOurElements] : 6 was inputted into Input
12-09-2019 18:45:26  INFO [libs.ActionsWithOurElements] : 7 was inputted into Input
12-09-2019 18:45:26  INFO [libs.ActionsWithOurElements] : Element was clicked
12-09-2019 18:45:47  INFO [pages.RegistrationPage] : Login page was opened
12-09-2019 18:45:47  INFO [libs.ActionsWithOurElements] : 7 was inputted into Input
12-09-2019 18:45:47  INFO [libs.ActionsWithOurElements] : 6 was inputted into Input
12-09-2019 18:45:47  INFO [libs.ActionsWithOurElements] : 5 was inputted into Input
12-09-2019 18:45:47  INFO [libs.ActionsWithOurElements] : 4 was inputted into Input
12-09-2019 18:45:47  INFO [libs.ActionsWithOurElements] : 4 was inputted into Input
12-09-2019 18:45:47  INFO [libs.ActionsWithOurElements] : 2 was inputted into Input
12-09-2019 18:45:47  INFO [libs.ActionsWithOurElements] : 1 was inputted into Input
12-09-2019 18:45:47  INFO [libs.ActionsWithOurElements] : Element was clicked
12-09-2019 18:45:57  INFO [pages.RegistrationPage] : Login page was opened
12-09-2019 18:45:58  INFO [libs.ActionsWithOurElements] : a was inputted into Input
12-09-2019 18:45:58  INFO [libs.ActionsWithOurElements] : b was inputted into Input
12-09-2019 18:45:58  INFO [libs.ActionsWithOurElements] : c was inputted into Input
12-09-2019 18:45:58  INFO [libs.ActionsWithOurElements] : d was inputted into Input
12-09-2019 18:45:58  INFO [libs.ActionsWithOurElements] : e was inputted into Input
12-09-2019 18:45:58  INFO [libs.ActionsWithOurElements] : f was inputted into Input
12-09-2019 18:45:58  INFO [libs.ActionsWithOurElements] : g was inputted into Input
12-09-2019 18:45:58  INFO [libs.ActionsWithOurElements] : Element was clicked
12-09-2019 18:46:19  INFO [pages.RegistrationPage] : Login page was opened
12-09-2019 18:46:19  INFO [libs.ActionsWithOurElements] : Element was clicked
12-09-2019 18:46:29  INFO [pages.RegistrationPage] : Login page was opened
12-09-2019 18:46:29  INFO [libs.ActionsWithOurElements] : qwe@gmail.com was inputted into Input
12-09-2019 18:46:29  INFO [libs.ActionsWithOurElements] : 123/@*-+.?>|}{[]} was inputted into Input
12-09-2019 18:46:30  INFO [libs.ActionsWithOurElements] : 123/@*-+.?>|}{[]} was inputted into Input
12-09-2019 18:46:30  INFO [libs.ActionsWithOurElements] : 12345 was inputted into Input
12-09-2019 18:46:30  INFO [libs.ActionsWithOurElements] : 12345 was inputted into Input
12-09-2019 18:46:30  INFO [libs.ActionsWithOurElements] : +380639992211 was inputted into Input
12-09-2019 18:46:30  INFO [libs.ActionsWithOurElements] : My_organization was inputted into Input
12-09-2019 18:46:30  INFO [libs.ActionsWithOurElements] : Element was clicked
12-09-2019 18:46:41  INFO [pages.RegistrationPage] : Login page was opened
12-09-2019 18:46:41  INFO [libs.ActionsWithOurElements] :  was inputted into Input
12-09-2019 18:46:51  INFO [pages.RegistrationPage] : Login page was opened
12-09-2019 18:46:51  INFO [libs.ActionsWithOurElements] :   was inputted into Input
12-09-2019 18:47:02  INFO [pages.RegistrationPage] : Login page was opened
12-09-2019 18:47:02  INFO [libs.ActionsWithOurElements] : 1 was inputted into Input
12-09-2019 18:47:12  INFO [pages.RegistrationPage] : Login page was opened
12-09-2019 18:47:12  INFO [libs.ActionsWithOurElements] : / was inputted into Input
12-09-2019 18:47:23  INFO [pages.RegistrationPage] : Login page was opened
12-09-2019 18:47:23  INFO [libs.ActionsWithOurElements] : aSvbn was inputted into Input
12-09-2019 18:47:34  INFO [pages.RegistrationPage] : Login page was opened
12-09-2019 18:47:34  INFO [libs.ActionsWithOurElements] : 123456 was inputted into Input
12-09-2019 18:47:44  INFO [pages.RegistrationPage] : Login page was opened
12-09-2019 18:47:44  INFO [libs.ActionsWithOurElements] : Abc45 was inputted into Input
12-09-2019 18:47:55  INFO [pages.RegistrationPage] : Login page was opened
12-09-2019 18:47:55  INFO [libs.ActionsWithOurElements] : ~!@$/| was inputted into Input
12-09-2019 18:48:05  INFO [pages.RegistrationPage] : Login page was opened
12-09-2019 18:48:05  INFO [libs.ActionsWithOurElements] : ~45tgb ?* was inputted into Input
12-09-2019 18:48:16  INFO [pages.RegistrationPage] : Login page was opened
12-09-2019 18:48:16  INFO [libs.ActionsWithOurElements] : something was inputted into Input
12-09-2019 18:48:26  INFO [pages.RegistrationPage] : Login page was opened
12-09-2019 18:48:26  INFO [libs.ActionsWithOurElements] :  was inputted into Input
12-09-2019 18:48:37  INFO [pages.RegistrationPage] : Login page was opened
12-09-2019 18:48:37  INFO [libs.ActionsWithOurElements] :   was inputted into Input
12-09-2019 18:48:47  INFO [pages.RegistrationPage] : Login page was opened
12-09-2019 18:48:47  INFO [libs.ActionsWithOurElements] : 1 was inputted into Input
12-09-2019 18:48:58  INFO [pages.RegistrationPage] : Login page was opened
12-09-2019 18:48:58  INFO [libs.ActionsWithOurElements] : / was inputted into Input
12-09-2019 18:49:08  INFO [pages.RegistrationPage] : Login page was opened
12-09-2019 18:49:08  INFO [libs.ActionsWithOurElements] : aSvbn was inputted into Input
12-09-2019 18:49:19  INFO [pages.RegistrationPage] : Login page was opened
12-09-2019 18:49:19  INFO [libs.ActionsWithOurElements] : 123456 was inputted into Input
12-09-2019 18:49:29  INFO [pages.RegistrationPage] : Login page was opened
12-09-2019 18:49:29  INFO [libs.ActionsWithOurElements] : qwe@gmail.com was inputted into Input
12-09-2019 18:49:29  INFO [libs.ActionsWithOurElements] : 123/@*-+.?>|}{[]} was inputted into Input
12-09-2019 18:49:29  INFO [libs.ActionsWithOurElements] : 123/@*-+.?>|}{[]} was inputted into Input
12-09-2019 18:49:29  INFO [libs.ActionsWithOurElements] : 12345 was inputted into Input
12-09-2019 18:49:30  INFO [libs.ActionsWithOurElements] : 12345 was inputted into Input
12-09-2019 18:49:30  INFO [libs.ActionsWithOurElements] : +380639992211 was inputted into Input
12-09-2019 18:49:30  INFO [libs.ActionsWithOurElements] : My_organization was inputted into Input
12-09-2019 18:49:30  INFO [libs.ActionsWithOurElements] : Element was clicked
12-09-2019 18:51:38  INFO [pages.RegistrationPage] : Login page was opened
12-09-2019 18:51:38  INFO [libs.ActionsWithOurElements] : +380639992211 was inputted into Input
12-09-2019 18:51:49  INFO [pages.RegistrationPage] : Login page was opened
12-09-2019 18:51:49  INFO [libs.ActionsWithOurElements] : +380679992211 was inputted into Input
12-09-2019 18:51:59  INFO [pages.RegistrationPage] : Login page was opened
12-09-2019 18:51:59  INFO [libs.ActionsWithOurElements] : +380979992211 was inputted into Input
12-09-2019 19:34:57  INFO [pages.RegistrationPage] : Login page was opened
12-09-2019 19:34:57  INFO [libs.ActionsWithOurElements] : test@test.test was inputted into Input
12-09-2019 19:34:57  INFO [libs.ActionsWithOurElements] : John was inputted into Input
12-09-2019 19:34:57  INFO [libs.ActionsWithOurElements] : Smith was inputted into Input
12-09-2019 19:34:58  INFO [libs.ActionsWithOurElements] : qwerty123 was inputted into Input
12-09-2019 19:34:58  INFO [libs.ActionsWithOurElements] : qwerty123 was inputted into Input
12-09-2019 19:34:58  INFO [libs.ActionsWithOurElements] : +38011222333 was inputted into Input
12-09-2019 19:34:58  INFO [libs.ActionsWithOurElements] : NASA was inputted into Input
12-09-2019 19:34:58  INFO [libs.ActionsWithOurElements] : Element was clicked
12-09-2019 20:01:49  INFO [pages.RegistrationPage] : Login page was opened
12-09-2019 20:01:49  INFO [libs.ActionsWithOurElements] : qwe@gmail.com was inputted into Input
12-09-2019 20:01:49  INFO [libs.ActionsWithOurElements] : 123/@*-+.?>|}{[]} was inputted into Input
12-09-2019 20:01:50  INFO [libs.ActionsWithOurElements] : 123/@*-+.?>|}{[]} was inputted into Input
12-09-2019 20:01:50  INFO [libs.ActionsWithOurElements] : 12345 was inputted into Input
12-09-2019 20:01:50  INFO [libs.ActionsWithOurElements] : 12345 was inputted into Input
12-09-2019 20:01:50  INFO [libs.ActionsWithOurElements] : +380639992211 was inputted into Input
12-09-2019 20:01:50  INFO [libs.ActionsWithOurElements] : My_organization was inputted into Input
12-09-2019 20:01:50  INFO [libs.ActionsWithOurElements] : Element was clicked
12-09-2019 20:02:25  INFO [pages.RegistrationPage] : Login page was opened
12-09-2019 20:02:26  INFO [libs.ActionsWithOurElements] : qwe@gmail.com was inputted into Input
12-09-2019 20:02:26  INFO [libs.ActionsWithOurElements] : 123/@*-+.?>|}{[]} was inputted into Input
12-09-2019 20:02:26  INFO [libs.ActionsWithOurElements] : 123/@*-+.?>|}{[]} was inputted into Input
12-09-2019 20:02:26  INFO [libs.ActionsWithOurElements] : 12345 was inputted into Input
12-09-2019 20:02:26  INFO [libs.ActionsWithOurElements] : 12345 was inputted into Input
12-09-2019 20:02:26  INFO [libs.ActionsWithOurElements] : +380639992211 was inputted into Input
12-09-2019 20:02:26  INFO [libs.ActionsWithOurElements] : My_organization was inputted into Input
12-09-2019 20:02:26  INFO [libs.ActionsWithOurElements] : Element was clicked
